2024-02-07T18:18:54.938Z - GET /login/sucess
2024-02-07T18:18:54.959Z - GET /connection/getAllByUserId/65c24a0c4952c70c16157b42
2024-02-07T18:18:54.961Z - GET /connection/findMutual/65c24a0c4952c70c16157b42
2024-02-07T18:19:13.082Z - GET /auth/google/callback
2024-02-07T18:19:16.222Z - GET /auth/google/callback?code=4%2F0AfJohXlkRGBrPXDx8gjs5hVfV1CeGGVMcIwwx5a3HZ7NFAhnSiEarwbQWAqZ8dzhj2CpDQ&scope=email+profile+https%3A%2F%2Fwww.googleapis.com%2Fauth%2Fuserinfo.profile+https%3A%2F%2Fwww.googleapis.com%2Fauth%2Fuserinfo.email+openid&authuser=0&prompt=consent
2024-02-07T18:19:17.524Z - GET /login/sucess
2024-02-07T18:19:17.564Z - GET /user/search/
2024-02-07T18:19:21.241Z - GET /connection/getConnectionCount/65c11de62f85141d705faf34
2024-02-07T18:19:21.251Z - GET /connection/getConnectionByUserId/65c11de62f85141d705faf34
2024-02-07T18:19:22.706Z - GET /connection/findMutual/65c11de62f85141d705faf34
2024-02-07T18:19:22.710Z - GET /connection/getAllByUserId/65c11de62f85141d705faf34
2024-02-07T18:19:24.015Z - GET /connection/getConnectionCount/65c11b1e98f7c515a6825646
2024-02-07T18:19:24.024Z - GET /connection/getConnectionByUserId/65c11b1e98f7c515a6825646
2024-02-07T18:19:25.364Z - GET /connection/getAllByUserId/65c11b1e98f7c515a6825646
2024-02-07T18:19:25.370Z - GET /connection/findMutual/65c11b1e98f7c515a6825646
2024-02-07T18:19:36.165Z - GET /connection/getConnectionCount/65c3abae5902db3b9ad5ce2b
2024-02-07T18:19:41.047Z - GET /logout
2024-02-07T18:19:41.393Z - GET /login/sucess
2024-02-07T18:20:18.334Z - GET /login/sucess
2024-02-07T18:20:18.358Z - GET /login/sucess
2024-02-07T18:21:46.459Z - GET /login/sucess
2024-02-07T18:21:47.647Z - GET /auth/google/callback
2024-02-07T18:21:50.451Z - GET /auth/google/callback?code=4%2F0AfJohXnJGTnz4B2Eho0ZREju99PJ8D1G0hKCC3Ze7_VdwWVJEQhycjhSZJe-6gxDqSn4Gg&scope=email+profile+https%3A%2F%2Fwww.googleapis.com%2Fauth%2Fuserinfo.profile+https%3A%2F%2Fwww.googleapis.com%2Fauth%2Fuserinfo.email+openid&authuser=0&prompt=consent
2024-02-07T18:21:51.618Z - GET /login/sucess
2024-02-07T18:21:51.668Z - GET /user/search/
2024-02-07T18:21:52.801Z - GET /connection/getConnectionCount/65c11b1e98f7c515a6825646
2024-02-07T18:21:52.809Z - GET /connection/getConnectionByUserId/65c11b1e98f7c515a6825646
2024-02-07T18:21:53.887Z - GET /connection/getAllByUserId/65c11b1e98f7c515a6825646
2024-02-07T18:21:53.893Z - GET /connection/findMutual/65c11b1e98f7c515a6825646
2024-02-07T18:21:56.700Z - GET /connection/getConnectionCount/65c11de62f85141d705faf34
2024-02-07T18:21:56.707Z - GET /connection/getConnectionByUserId/65c11de62f85141d705faf34
2024-02-07T18:22:07.542Z - OPTIONS /user/createProfile
2024-02-07T18:22:07.552Z - POST /user/createProfile
2024-02-07T18:22:07.748Z - GET /login/sucess
2024-02-07T18:22:07.755Z - GET /connection/getConnectionCount/65c3ca4f0e264041beee0792
2024-02-07T18:22:07.761Z - GET /connection/getConnectionByUserId/65c3ca4f0e264041beee0792
2024-02-07T18:22:07.774Z - GET /user/search/
2024-02-07T18:22:07.829Z - GET /connection/getConnectionCount/65c3ca4f0e264041beee0792
2024-02-07T18:22:07.833Z - GET /connection/getConnectionByUserId/65c3ca4f0e264041beee0792
2024-02-07T18:22:09.506Z - GET /connection/getAllByUserId/65c3ca4f0e264041beee0792
2024-02-07T18:22:09.511Z - GET /connection/findMutual/65c3ca4f0e264041beee0792
2024-02-07T18:22:12.039Z - GET /connection/getConnectionCount/65c3ca4f0e264041beee0792
2024-02-07T18:22:12.044Z - GET /connection/getConnectionByUserId/65c3ca4f0e264041beee0792
2024-02-07T18:22:16.007Z - OPTIONS /connection/create
2024-02-07T18:22:16.014Z - POST /connection/create
2024-02-07T18:22:16.125Z - GET /connection/getConnectionByUserId/65c3ca4f0e264041beee0792
2024-02-07T18:22:16.473Z - GET /login/sucess
2024-02-07T18:22:16.481Z - GET /connection/getConnectionByUserId/65c3ca4f0e264041beee0792
2024-02-07T18:22:16.488Z - GET /connection/getConnectionCount/65c3ca4f0e264041beee0792
2024-02-07T18:22:16.529Z - GET /user/search/
2024-02-07T18:22:16.600Z - GET /connection/getConnectionCount/65c3ca4f0e264041beee0792
2024-02-07T18:22:16.604Z - GET /connection/getConnectionByUserId/65c3ca4f0e264041beee0792
2024-02-07T18:22:17.877Z - OPTIONS /connection/remove/20
2024-02-07T18:22:17.884Z - DELETE /connection/remove/20
2024-02-07T18:22:17.927Z - GET /connection/getConnectionByUserId/65c3ca4f0e264041beee0792
2024-02-07T18:22:18.265Z - GET /login/sucess
2024-02-07T18:22:18.267Z - GET /connection/getConnectionCount/65c3ca4f0e264041beee0792
2024-02-07T18:22:18.268Z - GET /connection/getConnectionByUserId/65c3ca4f0e264041beee0792
2024-02-07T18:22:18.298Z - GET /user/search/
2024-02-07T18:22:18.380Z - GET /connection/getConnectionCount/65c3ca4f0e264041beee0792
2024-02-07T18:22:18.384Z - GET /connection/getConnectionByUserId/65c3ca4f0e264041beee0792
2024-02-07T18:22:22.764Z - OPTIONS /user/updateProfile/65c3ca4f0e264041beee0792
2024-02-07T18:22:22.769Z - PUT /user/updateProfile/65c3ca4f0e264041beee0792
2024-02-07T18:22:22.913Z - GET /login/sucess
2024-02-07T18:22:23.249Z - GET /login/sucess
2024-02-07T18:22:23.292Z - GET /user/search/
2024-02-07T18:22:26.390Z - OPTIONS /user/deleteProfile/65c3ca4f0e264041beee0792
2024-02-07T18:22:26.396Z - DELETE /user/deleteProfile/65c3ca4f0e264041beee0792
2024-02-07T18:22:26.599Z - GET /login/sucess
2024-02-07T18:22:26.625Z - GET /user/search/
2024-02-07T18:24:59.244Z - GET /login/sucess
2024-02-07T18:25:00.933Z - GET /auth/google/callback
2024-02-07T18:25:03.625Z - GET /auth/google/callback?code=4%2F0AfJohXlp4cEniQnocrJwnqvO2ac2zaYhBXSnTABFS-sk-Flj6waoFOKn31n8QoliYb8Aag&scope=email+profile+https%3A%2F%2Fwww.googleapis.com%2Fauth%2Fuserinfo.profile+https%3A%2F%2Fwww.googleapis.com%2Fauth%2Fuserinfo.email+openid&authuser=0&prompt=consent
2024-02-07T18:25:05.046Z - GET /login/sucess
2024-02-07T18:25:05.085Z - GET /user/search/
2024-02-07T18:25:05.921Z - GET /connection/getConnectionCount/65c11b1e98f7c515a6825646
2024-02-07T18:25:05.929Z - GET /connection/getConnectionByUserId/65c11b1e98f7c515a6825646
2024-02-07T18:25:07.980Z - GET /connection/getAllByUserId/65c11b1e98f7c515a6825646
2024-02-07T18:25:07.984Z - GET /connection/findMutual/65c11b1e98f7c515a6825646
2024-02-07T18:25:09.653Z - GET /connection/getConnectionCount/65c11de62f85141d705faf34
2024-02-07T18:25:09.657Z - GET /connection/getConnectionByUserId/65c11de62f85141d705faf34
2024-02-07T18:25:13.974Z - OPTIONS /connection/remove/19
2024-02-07T18:25:13.980Z - DELETE /connection/remove/19
2024-02-07T18:25:14.013Z - GET /connection/getConnectionByUserId/65c11de62f85141d705faf34
2024-02-07T18:25:14.393Z - GET /connection/getConnectionByUserId/65c11de62f85141d705faf34
2024-02-07T18:25:14.398Z - GET /login/sucess
2024-02-07T18:25:14.398Z - GET /connection/getConnectionCount/65c11de62f85141d705faf34
2024-02-07T18:25:14.434Z - GET /user/search/
2024-02-07T18:25:14.528Z - GET /connection/getConnectionCount/65c11de62f85141d705faf34
2024-02-07T18:25:14.531Z - GET /connection/getConnectionByUserId/65c11de62f85141d705faf34
2024-02-07T18:25:28.189Z - OPTIONS /connection/create
2024-02-07T18:25:28.195Z - POST /connection/create
2024-02-07T18:25:28.499Z - GET /connection/getConnectionByUserId/65c11de62f85141d705faf34
2024-02-07T18:25:28.843Z - GET /login/sucess
2024-02-07T18:25:28.853Z - GET /connection/getConnectionCount/65c11de62f85141d705faf34
2024-02-07T18:25:28.858Z - GET /connection/getConnectionByUserId/65c11de62f85141d705faf34
2024-02-07T18:25:28.903Z - GET /user/search/
2024-02-07T18:25:28.979Z - GET /connection/getConnectionCount/65c11de62f85141d705faf34
2024-02-07T18:25:28.983Z - GET /connection/getConnectionByUserId/65c11de62f85141d705faf34
2024-02-07T18:25:56.752Z - GET /login/sucess
2024-02-07T18:25:56.755Z - GET /connection/getConnectionCount/65c11de62f85141d705faf34
2024-02-07T18:25:56.760Z - GET /connection/getConnectionByUserId/65c11de62f85141d705faf34
2024-02-07T18:25:56.799Z - GET /user/search/
2024-02-07T18:25:56.914Z - GET /connection/getConnectionCount/65c11de62f85141d705faf34
2024-02-07T18:25:56.918Z - GET /connection/getConnectionByUserId/65c11de62f85141d705faf34
2024-02-07T18:25:58.396Z - OPTIONS /connection/remove/21
2024-02-07T18:25:58.400Z - DELETE /connection/remove/21
2024-02-07T18:25:58.433Z - GET /connection/getConnectionByUserId/65c11de62f85141d705faf34
2024-02-07T18:25:58.779Z - GET /login/sucess
2024-02-07T18:25:58.781Z - GET /connection/getConnectionCount/65c11de62f85141d705faf34
2024-02-07T18:25:58.786Z - GET /connection/getConnectionByUserId/65c11de62f85141d705faf34
2024-02-07T18:25:58.853Z - GET /user/search/
2024-02-07T18:25:58.961Z - GET /connection/getConnectionCount/65c11de62f85141d705faf34
2024-02-07T18:25:58.966Z - GET /connection/getConnectionByUserId/65c11de62f85141d705faf34
2024-02-07T18:26:04.439Z - OPTIONS /connection/create
2024-02-07T18:26:04.444Z - POST /connection/create
2024-02-07T18:26:04.586Z - GET /connection/getConnectionByUserId/65c11de62f85141d705faf34
2024-02-07T18:26:04.936Z - GET /login/sucess
2024-02-07T18:26:04.939Z - GET /connection/getConnectionCount/65c11de62f85141d705faf34
2024-02-07T18:26:04.944Z - GET /connection/getConnectionByUserId/65c11de62f85141d705faf34
2024-02-07T18:26:04.978Z - GET /user/search/
2024-02-07T18:26:05.061Z - GET /connection/getConnectionCount/65c11de62f85141d705faf34
2024-02-07T18:26:05.064Z - GET /connection/getConnectionByUserId/65c11de62f85141d705faf34
2024-02-07T18:26:42.023Z - GET /login/sucess
2024-02-07T18:26:53.419Z - GET /auth/google/callback
2024-02-07T18:26:55.937Z - GET /auth/google/callback?code=4%2F0AfJohXk62PI7gpws5LUuGTCSvMxxSu9dvCxttQfuEnZ9OZ-7nQLbJYmTu3nKHax5_EUdMw&scope=email+profile+https%3A%2F%2Fwww.googleapis.com%2Fauth%2Fuserinfo.profile+https%3A%2F%2Fwww.googleapis.com%2Fauth%2Fuserinfo.email+openid&authuser=0&prompt=consent
2024-02-07T18:26:57.286Z - GET /login/sucess
2024-02-07T18:26:57.331Z - GET /user/search/
2024-02-07T18:27:21.710Z - OPTIONS /user/createProfile
2024-02-07T18:27:21.720Z - POST /user/createProfile
2024-02-07T18:27:21.898Z - GET /login/sucess
2024-02-07T18:27:21.901Z - GET /connection/getConnectionCount/65c3cb89ccc75970e8f67543
2024-02-07T18:27:21.907Z - GET /connection/getConnectionByUserId/65c3cb89ccc75970e8f67543
2024-02-07T18:27:21.918Z - GET /user/search/
2024-02-07T18:27:21.995Z - GET /connection/getConnectionCount/65c3cb89ccc75970e8f67543
2024-02-07T18:27:22.000Z - GET /connection/getConnectionByUserId/65c3cb89ccc75970e8f67543
2024-02-07T18:27:32.664Z - OPTIONS /user/createProfile
2024-02-07T18:27:32.668Z - POST /user/createProfile
2024-02-07T18:28:00.738Z - OPTIONS /user/createProfile
2024-02-07T18:28:00.743Z - POST /user/createProfile
2024-02-07T18:28:41.510Z - OPTIONS /user/createProfile
2024-02-07T18:28:41.515Z - POST /user/createProfile
2024-02-07T18:29:29.769Z - OPTIONS /user/createProfile
2024-02-07T18:29:29.776Z - POST /user/createProfile
2024-02-07T18:29:31.998Z - GET /login/sucess
2024-02-07T18:29:32.051Z - GET /user/search/
2024-02-07T18:29:42.400Z - OPTIONS /user/createProfile
2024-02-07T18:29:42.404Z - POST /user/createProfile
2024-02-07T18:29:56.818Z - OPTIONS /user/createProfile
2024-02-07T18:29:56.823Z - POST /user/createProfile
2024-02-07T18:30:28.381Z - OPTIONS /user/createProfile
2024-02-07T18:30:28.386Z - POST /user/createProfile
2024-02-07T18:30:48.405Z - OPTIONS /user/createProfile
2024-02-07T18:30:48.410Z - POST /user/createProfile
2024-02-07T18:31:06.368Z - OPTIONS /user/createProfile
2024-02-07T18:31:06.372Z - POST /user/createProfile
2024-02-07T18:31:21.602Z - OPTIONS /user/createProfile
2024-02-07T18:31:21.607Z - POST /user/createProfile
2024-02-07T18:31:31.607Z - GET /login/sucess
2024-02-07T18:31:31.644Z - GET /user/search/
2024-02-07T18:31:38.317Z - OPTIONS /user/createProfile
2024-02-07T18:31:38.322Z - POST /user/createProfile
2024-02-07T18:32:23.412Z - OPTIONS /user/createProfile
2024-02-07T18:32:23.416Z - POST /user/createProfile
2024-02-07T18:32:27.080Z - GET /login/sucess
2024-02-07T18:32:27.118Z - GET /user/search/
2024-02-07T18:32:35.000Z - OPTIONS /user/createProfile
2024-02-07T18:32:35.005Z - POST /user/createProfile
2024-02-07T18:35:13.971Z - GET /login/sucess
2024-02-07T18:35:15.887Z - GET /auth/google/callback
2024-02-07T18:35:23.060Z - GET /auth/google/callback?code=4%2F0AfJohXnsN4GdAg8SNZGTbzaIot7OnCKS7Rh99iIdsO2a5AH2g69aExANP5On5-r72nNErA&scope=email+profile+https%3A%2F%2Fwww.googleapis.com%2Fauth%2Fuserinfo.profile+https%3A%2F%2Fwww.googleapis.com%2Fauth%2Fuserinfo.email+openid&authuser=0&prompt=consent
2024-02-07T18:35:24.369Z - GET /login/sucess
2024-02-07T18:35:24.408Z - GET /user/search/
2024-02-07T18:35:34.702Z - OPTIONS /user/createProfile
2024-02-07T18:35:34.706Z - POST /user/createProfile
2024-02-07T18:35:35.054Z - GET /login/sucess
2024-02-07T18:35:35.055Z - GET /connection/getConnectionCount/65c3cd762751a6faf38fad55
2024-02-07T18:35:35.056Z - GET /connection/getConnectionByUserId/65c3cd762751a6faf38fad55
2024-02-07T18:35:35.082Z - GET /user/search/
2024-02-07T18:35:35.143Z - GET /connection/getConnectionCount/65c3cd762751a6faf38fad55
2024-02-07T18:35:35.150Z - GET /connection/getConnectionByUserId/65c3cd762751a6faf38fad55
2024-02-07T18:35:45.390Z - OPTIONS /user/createProfile
2024-02-07T18:35:45.394Z - POST /user/createProfile
2024-02-07T18:35:47.887Z - POST /user/createProfile
2024-02-07T18:35:48.013Z - GET /login/sucess
2024-02-07T18:35:48.017Z - GET /connection/getConnectionCount/65c3cd832751a6faf38fad5a
2024-02-07T18:35:48.023Z - GET /connection/getConnectionByUserId/65c3cd832751a6faf38fad5a
2024-02-07T18:35:48.040Z - GET /user/search/
2024-02-07T18:35:48.115Z - GET /connection/getConnectionCount/65c3cd832751a6faf38fad5a
2024-02-07T18:35:48.120Z - GET /connection/getConnectionByUserId/65c3cd832751a6faf38fad5a
2024-02-07T18:35:59.002Z - OPTIONS /user/createProfile
2024-02-07T18:35:59.012Z - POST /user/createProfile
2024-02-07T18:35:59.135Z - GET /login/sucess
2024-02-07T18:35:59.139Z - GET /connection/getConnectionCount/65c3cd8f2751a6faf38fad5e
2024-02-07T18:35:59.143Z - GET /connection/getConnectionByUserId/65c3cd8f2751a6faf38fad5e
2024-02-07T18:35:59.169Z - GET /user/search/
2024-02-07T18:35:59.239Z - GET /connection/getConnectionCount/65c3cd8f2751a6faf38fad5e
2024-02-07T18:35:59.244Z - GET /connection/getConnectionByUserId/65c3cd8f2751a6faf38fad5e
2024-02-07T18:36:01.803Z - GET /connection/getConnectionCount/65c3cd6b2751a6faf38fad51
2024-02-07T18:36:33.753Z - OPTIONS /user/createProfile
2024-02-07T18:36:33.758Z - POST /user/createProfile
2024-02-07T18:36:33.872Z - GET /login/sucess
2024-02-07T18:36:33.875Z - GET /connection/getConnectionCount/65c3cdb12751a6faf38fad62
2024-02-07T18:36:33.879Z - GET /connection/getConnectionByUserId/65c3cdb12751a6faf38fad62
2024-02-07T18:36:33.902Z - GET /user/search/
2024-02-07T18:36:33.976Z - GET /connection/getConnectionCount/65c3cdb12751a6faf38fad62
2024-02-07T18:36:33.980Z - GET /connection/getConnectionByUserId/65c3cdb12751a6faf38fad62
2024-02-07T18:36:36.377Z - GET /logout
2024-02-07T18:36:36.893Z - GET /login/sucess
2024-02-07T18:36:37.394Z - GET /auth/google/callback
2024-02-07T18:36:40.358Z - GET /auth/google/callback?code=4%2F0AfJohXmtBKaIyTr0mYx4XpzCy2ebLBhkyTheFbFCNQoor2PzDajTSikGV4CRTPDPemIdzg&scope=email+profile+https%3A%2F%2Fwww.googleapis.com%2Fauth%2Fuserinfo.profile+https%3A%2F%2Fwww.googleapis.com%2Fauth%2Fuserinfo.email+openid&authuser=0&prompt=consent
2024-02-07T18:36:41.501Z - GET /login/sucess
2024-02-07T18:36:41.537Z - GET /user/search/
2024-02-07T18:36:47.266Z - GET /logout
2024-02-07T18:36:47.615Z - GET /login/sucess
2024-02-07T18:36:50.342Z - GET /logout
2024-02-07T18:36:50.624Z - GET /login/sucess
2024-02-07T18:36:53.186Z - GET /auth/google/callback
2024-02-07T18:36:59.719Z - GET /auth/google/callback?code=4%2F0AfJohXlPHDb70dS94-bw2YLzWIP4_sI-_kM4Y8CYqFIzSxiSr2yvDdlM8yUNBDlUxMFm9g&scope=email+profile+https%3A%2F%2Fwww.googleapis.com%2Fauth%2Fuserinfo.profile+https%3A%2F%2Fwww.googleapis.com%2Fauth%2Fuserinfo.email+openid&authuser=1&prompt=consent
2024-02-07T18:37:00.771Z - GET /login/sucess
2024-02-07T18:37:00.827Z - GET /user/search/
2024-02-07T18:40:07.325Z - GET /login/sucess
2024-02-07T18:40:07.332Z - GET /login/sucess
2024-02-07T18:40:07.363Z - GET /user/search/
2024-02-07T18:40:13.326Z - GET /login/sucess
2024-02-07T18:40:13.328Z - GET /login/sucess
2024-02-07T18:40:13.358Z - GET /user/search/
2024-02-07T18:40:17.324Z - GET /login/sucess
2024-02-07T18:40:17.328Z - GET /login/sucess
2024-02-07T18:40:17.346Z - GET /user/search/
2024-02-07T18:40:30.908Z - GET /login/sucess
2024-02-07T18:40:30.931Z - GET /user/search/
2024-02-07T18:40:32.255Z - GET /connection/getConnectionCount/65c3cd762751a6faf38fad55
2024-02-07T18:40:32.260Z - GET /connection/getConnectionByUserId/65c3cd762751a6faf38fad55
2024-02-07T18:40:33.127Z - GET /connection/getAllByUserId/65c3cd762751a6faf38fad55
2024-02-07T18:40:33.132Z - GET /connection/findMutual/65c3cd762751a6faf38fad55
2024-02-07T18:40:34.381Z - GET /connection/getConnectionCount/65c3cdcc2751a6faf38fad69
2024-02-07T18:40:35.771Z - GET /connection/getAllByUserId/65c3cdcc2751a6faf38fad69
2024-02-07T18:40:35.775Z - GET /connection/findMutual/65c3cdcc2751a6faf38fad69
2024-02-07T18:40:36.807Z - GET /connection/getConnectionCount/65c3cdcc2751a6faf38fad69
2024-02-07T18:40:43.701Z - GET /connection/getConnectionCount/65c3cd762751a6faf38fad55
2024-02-07T18:40:43.706Z - GET /connection/getConnectionByUserId/65c3cd762751a6faf38fad55
2024-02-07T18:40:45.367Z - OPTIONS /connection/create
2024-02-07T18:40:45.373Z - POST /connection/create
2024-02-07T18:40:45.741Z - GET /connection/getConnectionByUserId/65c3cd762751a6faf38fad55
2024-02-07T18:40:46.085Z - GET /login/sucess
2024-02-07T18:40:46.089Z - GET /connection/getConnectionCount/65c3cd762751a6faf38fad55
2024-02-07T18:40:46.092Z - GET /connection/getConnectionByUserId/65c3cd762751a6faf38fad55
2024-02-07T18:40:46.124Z - GET /user/search/
2024-02-07T18:40:46.226Z - GET /connection/getConnectionCount/65c3cd762751a6faf38fad55
2024-02-07T18:40:46.230Z - GET /connection/getConnectionByUserId/65c3cd762751a6faf38fad55
2024-02-07T18:40:49.840Z - GET /connection/getConnectionCount/65c3cd6b2751a6faf38fad51
2024-02-07T18:40:49.845Z - GET /connection/getConnectionByUserId/65c3cd6b2751a6faf38fad51
2024-02-07T18:40:51.358Z - OPTIONS /connection/create
2024-02-07T18:40:51.363Z - POST /connection/create
2024-02-07T18:40:51.473Z - GET /connection/getConnectionByUserId/65c3cd6b2751a6faf38fad51
2024-02-07T18:40:51.840Z - GET /login/sucess
2024-02-07T18:40:51.843Z - GET /connection/getConnectionCount/65c3cd6b2751a6faf38fad51
2024-02-07T18:40:51.849Z - GET /connection/getConnectionByUserId/65c3cd6b2751a6faf38fad51
2024-02-07T18:40:51.885Z - GET /user/search/
2024-02-07T18:40:51.960Z - GET /connection/getConnectionCount/65c3cd6b2751a6faf38fad51
2024-02-07T18:40:51.963Z - GET /connection/getConnectionByUserId/65c3cd6b2751a6faf38fad51
2024-02-07T18:40:54.295Z - GET /logout
2024-02-07T18:40:54.557Z - GET /login/sucess
2024-02-07T18:40:55.165Z - GET /auth/google/callback
2024-02-07T18:40:58.021Z - GET /auth/google/callback?code=4%2F0AfJohXmwbmAkEz6Eu2yltxJmMBski4JMJADmsEZAarKfmvWpwqBh4jmtB6wf7EZRsO5MQQ&scope=email+profile+https%3A%2F%2Fwww.googleapis.com%2Fauth%2Fuserinfo.profile+https%3A%2F%2Fwww.googleapis.com%2Fauth%2Fuserinfo.email+openid&authuser=0&prompt=consent
2024-02-07T18:40:59.037Z - GET /login/sucess
2024-02-07T18:40:59.077Z - GET /user/search/
2024-02-07T18:41:01.495Z - GET /connection/getConnectionCount/65c3cdcc2751a6faf38fad69
2024-02-07T18:41:01.500Z - GET /connection/getConnectionByUserId/65c3cdcc2751a6faf38fad69
2024-02-07T18:41:19.784Z - GET /connection/verify/2
2024-02-07T18:41:19.831Z - GET /connection/getConnectionByUserId/65c3cdcc2751a6faf38fad69
2024-02-07T18:41:20.168Z - GET /login/sucess
2024-02-07T18:41:20.171Z - GET /connection/getConnectionCount/65c3cdcc2751a6faf38fad69
2024-02-07T18:41:20.175Z - GET /connection/getConnectionByUserId/65c3cdcc2751a6faf38fad69
2024-02-07T18:41:20.214Z - GET /user/search/
2024-02-07T18:41:20.303Z - GET /connection/getConnectionCount/65c3cdcc2751a6faf38fad69
2024-02-07T18:41:20.305Z - GET /connection/getConnectionByUserId/65c3cdcc2751a6faf38fad69
2024-02-07T18:41:22.008Z - GET /connection/getConnectionCount/65c3cd6b2751a6faf38fad51
2024-02-07T19:03:21.331Z - GET /login/sucess
2024-02-07T19:03:24.833Z - GET /login/sucess
2024-02-07T19:03:26.998Z - GET /auth/google/callback
2024-02-07T19:03:30.013Z - GET /auth/google/callback?code=4%2F0AfJohXlOFijXAdWNTR_XKYPy9MPtEsPBbawFchNjipW0j9FqhkiYTkOL3IlATCKvzyV_dQ&scope=email+profile+https%3A%2F%2Fwww.googleapis.com%2Fauth%2Fuserinfo.profile+https%3A%2F%2Fwww.googleapis.com%2Fauth%2Fuserinfo.email+openid&authuser=0&prompt=consent
2024-02-07T19:03:31.477Z - GET /login/sucess
2024-02-07T19:03:31.513Z - GET /user/search/
2024-02-07T19:03:32.831Z - GET /connection/getConnectionByUserId/65c3cd762751a6faf38fad55
2024-02-07T19:03:32.839Z - GET /connection/getConnectionCount/65c3cd762751a6faf38fad55
2024-02-07T19:03:36.563Z - OPTIONS /connection/create
2024-02-07T19:03:36.573Z - POST /connection/create
2024-02-07T19:03:37.251Z - GET /connection/getConnectionByUserId/65c3cd762751a6faf38fad55
2024-02-07T19:03:37.595Z - GET /login/sucess
2024-02-07T19:03:37.599Z - GET /connection/getConnectionCount/65c3cd762751a6faf38fad55
2024-02-07T19:03:37.609Z - GET /connection/getConnectionByUserId/65c3cd762751a6faf38fad55
2024-02-07T19:03:37.646Z - GET /user/search/
2024-02-07T19:03:37.792Z - GET /connection/getConnectionCount/65c3cd762751a6faf38fad55
2024-02-07T19:03:37.797Z - GET /connection/getConnectionByUserId/65c3cd762751a6faf38fad55
2024-02-07T19:03:38.717Z - GET /connection/getAllByUserId/65c3cd762751a6faf38fad55
2024-02-07T19:03:38.724Z - GET /connection/findMutual/65c3cd762751a6faf38fad55
2024-02-07T19:03:40.842Z - GET /connection/getConnectionCount/65c3cdcc2751a6faf38fad69
2024-02-07T19:03:40.847Z - GET /connection/getConnectionByUserId/65c3cdcc2751a6faf38fad69
2024-02-07T19:03:42.590Z - OPTIONS /connection/remove/2
2024-02-07T19:03:42.598Z - DELETE /connection/remove/2
2024-02-07T19:03:42.635Z - GET /connection/getConnectionByUserId/65c3cdcc2751a6faf38fad69
2024-02-07T19:03:42.965Z - GET /login/sucess
2024-02-07T19:03:42.967Z - GET /connection/getConnectionCount/65c3cdcc2751a6faf38fad69
2024-02-07T19:03:42.968Z - GET /connection/getConnectionByUserId/65c3cdcc2751a6faf38fad69
2024-02-07T19:03:43.002Z - GET /user/search/
2024-02-07T19:03:43.082Z - GET /connection/getConnectionCount/65c3cdcc2751a6faf38fad69
2024-02-07T19:03:43.086Z - GET /connection/getConnectionByUserId/65c3cdcc2751a6faf38fad69
2024-02-07T19:03:44.610Z - OPTIONS /connection/create
2024-02-07T19:03:44.616Z - POST /connection/create
2024-02-07T19:03:44.734Z - GET /connection/getConnectionByUserId/65c3cdcc2751a6faf38fad69
2024-02-07T19:03:45.022Z - GET /login/sucess
2024-02-07T19:03:45.026Z - GET /connection/getConnectionCount/65c3cdcc2751a6faf38fad69
2024-02-07T19:03:45.030Z - GET /connection/getConnectionByUserId/65c3cdcc2751a6faf38fad69
2024-02-07T19:03:45.069Z - GET /user/search/
2024-02-07T19:03:45.144Z - GET /connection/getConnectionCount/65c3cdcc2751a6faf38fad69
2024-02-07T19:03:45.148Z - GET /connection/getConnectionByUserId/65c3cdcc2751a6faf38fad69
2024-02-07T19:03:46.657Z - GET /connection/getConnectionCount/65c3cd6b2751a6faf38fad51
2024-02-07T19:03:56.807Z - OPTIONS /user/createProfile
2024-02-07T19:03:56.813Z - POST /user/createProfile
2024-02-07T19:04:01.314Z - POST /user/createProfile
2024-02-07T19:04:01.475Z - GET /login/sucess
2024-02-07T19:04:01.477Z - GET /connection/getConnectionCount/65c3d421e2daa521ecac2878
2024-02-07T19:04:01.481Z - GET /connection/getConnectionByUserId/65c3d421e2daa521ecac2878
2024-02-07T19:04:01.494Z - GET /user/search/
2024-02-07T19:04:01.558Z - GET /connection/getConnectionCount/65c3d421e2daa521ecac2878
2024-02-07T19:04:01.560Z - GET /connection/getConnectionByUserId/65c3d421e2daa521ecac2878
2024-02-07T19:04:07.513Z - OPTIONS /user/updateProfile/65c3d421e2daa521ecac2878
2024-02-07T19:04:07.518Z - PUT /user/updateProfile/65c3d421e2daa521ecac2878
2024-02-07T19:04:07.610Z - GET /login/sucess
2024-02-07T19:04:07.951Z - GET /login/sucess
2024-02-07T19:04:08.001Z - GET /user/search/
2024-02-07T19:04:10.799Z - PUT /user/updateProfile/65c3d421e2daa521ecac2878
2024-02-07T19:04:11.165Z - GET /login/sucess
2024-02-07T19:04:11.205Z - GET /user/search/
2024-02-07T19:04:14.476Z - OPTIONS /user/deleteProfile/65c3d421e2daa521ecac2878
2024-02-07T19:04:14.482Z - DELETE /user/deleteProfile/65c3d421e2daa521ecac2878
2024-02-07T19:04:14.660Z - GET /login/sucess
2024-02-07T19:04:14.676Z - GET /user/search/
2024-02-07T19:05:40.925Z - GET /connection/getConnectionCount/65c3cd8f2751a6faf38fad5e
2024-02-07T19:05:40.928Z - GET /connection/getConnectionByUserId/65c3cd8f2751a6faf38fad5e
2024-02-07T19:05:44.358Z - GET /login/sucess
2024-02-07T19:05:44.398Z - GET /user/search/
2024-02-07T19:08:46.019Z - GET /login/sucess
2024-02-07T19:08:46.059Z - GET /user/search/
2024-02-07T19:08:51.073Z - OPTIONS /user/updateProfile/65c3cd8f2751a6faf38fad5e
2024-02-07T19:08:51.081Z - PUT /user/updateProfile/65c3cd8f2751a6faf38fad5e
2024-02-07T19:08:51.487Z - GET /login/sucess
2024-02-07T19:08:51.522Z - GET /user/search/
2024-02-07T19:09:17.583Z - GET /login/sucess
2024-02-07T19:09:17.590Z - GET /connection/getConnectionCount/65c3cd8f2751a6faf38fad5e
2024-02-07T19:09:17.591Z - GET /connection/getConnectionByUserId/65c3cd8f2751a6faf38fad5e
2024-02-07T19:09:17.626Z - GET /user/search/
2024-02-07T19:09:17.736Z - GET /connection/getConnectionCount/65c3cd8f2751a6faf38fad5e
2024-02-07T19:09:17.740Z - GET /connection/getConnectionByUserId/65c3cd8f2751a6faf38fad5e
2024-02-07T19:09:24.529Z - OPTIONS /user/updateProfile/65c3cd8f2751a6faf38fad5e
2024-02-07T19:09:24.534Z - PUT /user/updateProfile/65c3cd8f2751a6faf38fad5e
2024-02-07T19:09:24.975Z - GET /login/sucess
2024-02-07T19:09:25.012Z - GET /user/search/
2024-02-07T19:09:27.980Z - GET /login/sucess
2024-02-07T19:09:28.014Z - GET /user/search/
2024-02-07T19:09:39.625Z - GET /login/sucess
2024-02-07T19:09:39.658Z - GET /user/search/
2024-02-07T19:11:43.387Z - GET /login/sucess
2024-02-07T19:11:43.429Z - GET /user/search/
2024-02-07T19:11:47.775Z - GET /login/sucess
2024-02-07T19:11:47.826Z - GET /user/search/
2024-02-07T19:12:12.537Z - GET /login/sucess
2024-02-07T19:12:12.573Z - GET /user/search/
2024-02-07T19:12:55.930Z - GET /login/sucess
2024-02-07T19:12:55.977Z - GET /user/search/
2024-02-07T19:13:39.575Z - GET /login/sucess
2024-02-07T19:13:39.626Z - GET /user/search/
2024-02-07T19:13:59.784Z - GET /login/sucess
2024-02-07T19:13:59.827Z - GET /user/search/
2024-02-07T19:14:17.978Z - GET /login/sucess
2024-02-07T19:14:18.028Z - GET /user/search/
2024-02-07T19:14:22.311Z - GET /login/sucess
2024-02-07T19:14:22.353Z - GET /user/search/
2024-02-07T19:14:24.090Z - GET /login/sucess
2024-02-07T19:14:24.126Z - GET /user/search/
2024-02-07T19:14:25.308Z - GET /login/sucess
2024-02-07T19:14:25.350Z - GET /user/search/
2024-02-07T19:14:30.350Z - GET /login/sucess
2024-02-07T19:14:30.385Z - GET /user/search/
2024-02-07T19:14:34.249Z - OPTIONS /user/updateProfile/65c3cd8f2751a6faf38fad5e
2024-02-07T19:14:34.257Z - PUT /user/updateProfile/65c3cd8f2751a6faf38fad5e
2024-02-07T19:14:34.363Z - GET /login/sucess
2024-02-07T19:14:34.679Z - GET /login/sucess
2024-02-07T19:14:34.717Z - GET /user/search/
2024-02-07T19:14:52.573Z - GET /login/sucess
2024-02-07T19:14:52.612Z - GET /user/search/
2024-02-07T19:15:08.793Z - GET /login/sucess
2024-02-07T19:15:08.852Z - GET /user/search/
2024-02-07T19:15:13.099Z - GET /login/sucess
2024-02-07T19:15:13.135Z - GET /user/search/
2024-02-07T19:15:14.679Z - GET /login/sucess
2024-02-07T19:15:14.713Z - GET /user/search/
2024-02-07T19:15:20.377Z - GET /connection/getConnectionCount/65c3cd8f2751a6faf38fad5e
2024-02-07T19:15:20.380Z - GET /connection/getConnectionByUserId/65c3cd8f2751a6faf38fad5e
2024-02-07T19:15:47.126Z - GET /login/sucess
2024-02-07T19:15:47.164Z - GET /user/search/
2024-02-07T19:15:51.264Z - GET /login/sucess
2024-02-07T19:15:51.308Z - GET /user/search/
2024-02-07T19:15:54.906Z - OPTIONS /user/updateProfile/65c3cd8f2751a6faf38fad5e
2024-02-07T19:15:54.912Z - PUT /user/updateProfile/65c3cd8f2751a6faf38fad5e
2024-02-07T19:15:55.012Z - GET /login/sucess
2024-02-07T19:15:55.326Z - GET /login/sucess
2024-02-07T19:15:55.364Z - GET /user/search/
2024-02-07T19:16:33.969Z - OPTIONS /user/updateProfile/65c3cd8f2751a6faf38fad5e
2024-02-07T19:16:33.976Z - PUT /user/updateProfile/65c3cd8f2751a6faf38fad5e
2024-02-07T19:16:34.409Z - GET /login/sucess
2024-02-07T19:16:34.446Z - GET /user/search/
2024-02-07T19:16:41.492Z - GET /login/sucess
2024-02-07T19:16:41.536Z - GET /user/search/
2024-02-07T19:17:39.782Z - GET /connection/getConnectionCount/65c3cd6b2751a6faf38fad51
2024-02-07T19:17:44.811Z - GET /connection/getAllByUserId/65c3cd6b2751a6faf38fad51
2024-02-07T19:17:44.816Z - GET /connection/findMutual/65c3cd6b2751a6faf38fad51
2024-02-07T19:17:52.614Z - GET /connection/getConnectionCount/65c3cd762751a6faf38fad55
2024-02-07T19:17:52.619Z - GET /connection/getConnectionByUserId/65c3cd762751a6faf38fad55
2024-02-07T19:17:54.020Z - GET /connection/getAllByUserId/65c3cd6b2751a6faf38fad51
2024-02-07T19:17:54.024Z - GET /connection/findMutual/65c3cd6b2751a6faf38fad51
2024-02-07T19:17:55.200Z - GET /connection/getConnectionCount/65c3cdcc2751a6faf38fad69
2024-02-07T19:17:55.204Z - GET /connection/getConnectionByUserId/65c3cdcc2751a6faf38fad69
2024-02-07T19:17:56.996Z - GET /connection/getAllByUserId/65c3cd6b2751a6faf38fad51
2024-02-07T19:17:57.000Z - GET /connection/findMutual/65c3cd6b2751a6faf38fad51
2024-02-07T19:18:00.430Z - GET /connection/getConnectionCount/65c3cd6b2751a6faf38fad51
2024-02-07T19:18:25.318Z - GET /connection/getConnectionCount/65c3cd6b2751a6faf38fad51
2024-02-07T19:18:28.047Z - GET /login/sucess
2024-02-07T19:18:28.049Z - GET /connection/getConnectionCount/65c3cd6b2751a6faf38fad51
2024-02-07T19:18:28.051Z - GET /connection/getConnectionByUserId/65c3cd6b2751a6faf38fad51
2024-02-07T19:18:28.084Z - GET /user/search/
2024-02-07T19:18:28.146Z - GET /connection/getConnectionCount/65c3cd6b2751a6faf38fad51
2024-02-07T19:18:33.328Z - GET /connection/getConnectionCount/65c3cd6b2751a6faf38fad51
2024-02-07T19:18:36.163Z - GET /connection/getAllByUserId/65c3cd6b2751a6faf38fad51
2024-02-07T19:18:36.166Z - GET /connection/findMutual/65c3cd6b2751a6faf38fad51
2024-02-07T19:18:37.165Z - GET /login/sucess
2024-02-07T19:18:37.168Z - GET /connection/getAllByUserId/65c3cd6b2751a6faf38fad51
2024-02-07T19:18:37.171Z - GET /connection/findMutual/65c3cd6b2751a6faf38fad51
2024-02-07T19:18:37.180Z - GET /user/search/
2024-02-07T19:18:37.436Z - GET /connection/getAllByUserId/65c3cd6b2751a6faf38fad51
2024-02-07T19:18:37.439Z - GET /connection/findMutual/65c3cd6b2751a6faf38fad51
2024-02-07T19:18:39.478Z - GET /connection/getConnectionCount/65c3cd6b2751a6faf38fad51
2024-02-07T19:18:41.228Z - GET /login/sucess
2024-02-07T19:18:41.230Z - GET /connection/getConnectionCount/65c3cd6b2751a6faf38fad51
2024-02-07T19:18:41.234Z - GET /connection/getConnectionByUserId/65c3cd6b2751a6faf38fad51
2024-02-07T19:18:41.253Z - GET /user/search/
2024-02-07T19:18:41.321Z - GET /connection/getConnectionCount/65c3cd6b2751a6faf38fad51
2024-02-07T19:18:51.322Z - GET /connection/getConnectionCount/65c3cd6b2751a6faf38fad51
2024-02-07T19:18:56.336Z - GET /connection/getConnectionCount/65c3cd6b2751a6faf38fad51
2024-02-07T19:19:00.109Z - GET /connection/getConnectionCount/65c3cd6b2751a6faf38fad51
2024-02-07T19:19:03.325Z - GET /connection/getConnectionCount/65c3cd6b2751a6faf38fad51
2024-02-07T19:19:08.503Z - GET /connection/getAllByUserId/65c3cd6b2751a6faf38fad51
2024-02-07T19:19:08.507Z - GET /connection/findMutual/65c3cd6b2751a6faf38fad51
2024-02-07T19:19:18.765Z - GET /connection/getConnectionCount/65c3cd6b2751a6faf38fad51
2024-02-07T19:19:19.814Z - GET /connection/getAllByUserId/65c3cd6b2751a6faf38fad51
2024-02-07T19:19:19.819Z - GET /connection/findMutual/65c3cd6b2751a6faf38fad51
2024-02-07T19:19:21.380Z - GET /connection/getConnectionCount/65c3cd762751a6faf38fad55
2024-02-07T19:19:21.385Z - GET /connection/getConnectionByUserId/65c3cd762751a6faf38fad55
2024-02-07T19:20:18.361Z - GET /login/sucess
2024-02-07T19:20:18.384Z - GET /user/search/
2024-02-07T19:20:51.457Z - GET /login/sucess
2024-02-07T19:20:51.494Z - GET /user/search/
2024-02-07T19:21:01.142Z - GET /login/sucess
2024-02-07T19:21:01.178Z - GET /user/search/
2024-02-07T19:21:43.320Z - GET /connection/getConnectionCount/65c3cd6b2751a6faf38fad51
2024-02-07T19:21:59.506Z - GET /connection/getConnectionCount/65c3cd6b2751a6faf38fad51
2024-02-07T19:22:00.444Z - GET /connection/getAllByUserId/65c3cd6b2751a6faf38fad51
2024-02-07T19:22:00.448Z - GET /connection/findMutual/65c3cd6b2751a6faf38fad51
2024-02-07T19:22:01.801Z - GET /connection/getConnectionCount/65c3cd762751a6faf38fad55
2024-02-07T19:22:01.805Z - GET /connection/getConnectionByUserId/65c3cd762751a6faf38fad55
2024-02-07T19:23:04.506Z - GET /login/sucess
2024-02-07T19:23:04.523Z - GET /user/search/
2024-02-07T19:23:05.796Z - GET /connection/getConnectionCount/65c3cd6b2751a6faf38fad51
2024-02-07T19:23:06.719Z - GET /connection/getAllByUserId/65c3cd6b2751a6faf38fad51
2024-02-07T19:23:06.724Z - GET /connection/findMutual/65c3cd6b2751a6faf38fad51
2024-02-07T19:23:08.116Z - GET /connection/getConnectionCount/65c3cd762751a6faf38fad55
2024-02-07T19:23:08.121Z - GET /connection/getConnectionByUserId/65c3cd762751a6faf38fad55
2024-02-07T19:23:09.218Z - GET /connection/getAllByUserId/65c3cd762751a6faf38fad55
2024-02-07T19:23:09.221Z - GET /connection/findMutual/65c3cd762751a6faf38fad55
2024-02-07T19:23:12.380Z - GET /connection/getConnectionCount/65c3cd762751a6faf38fad55
2024-02-07T19:23:12.385Z - GET /connection/getConnectionByUserId/65c3cd762751a6faf38fad55
2024-02-08T04:56:20.023Z - GET /login/sucess
2024-02-08T04:56:24.946Z - GET /auth/google/callback
2024-02-08T04:56:25.577Z - GET /auth/google/callback?code=4%2F0AfJohXlvc5quS9NAylbTcrwuXeIEvofIpHsWhe2WpxfGwUw7zZdrdG6f__Jah7z2dnmUxQ&scope=email+profile+openid+https%3A%2F%2Fwww.googleapis.com%2Fauth%2Fuserinfo.profile+https%3A%2F%2Fwww.googleapis.com%2Fauth%2Fuserinfo.email&authuser=0&hd=crestdatasys.com&prompt=none
2024-02-08T04:56:26.835Z - GET /login/sucess
2024-02-08T04:56:26.852Z - GET /user/search/
2024-02-08T04:56:30.760Z - GET /connection/getConnectionCount/65c310517d6f697c73629b9c
2024-02-08T04:56:30.772Z - GET /connection/getConnectionByUserId/65c310517d6f697c73629b9c
2024-02-08T04:56:34.503Z - GET /login/sucess
2024-02-08T04:56:34.527Z - GET /user/search/
2024-02-08T04:56:44.653Z - OPTIONS /user/createProfile
2024-02-08T04:56:44.657Z - POST /user/createProfile
2024-02-08T04:56:44.821Z - GET /connection/getConnectionCount/65c45f0cf468d3c698385e9b
2024-02-08T04:56:44.826Z - GET /login/sucess
2024-02-08T04:56:44.828Z - GET /connection/getConnectionByUserId/65c45f0cf468d3c698385e9b
2024-02-08T04:56:44.858Z - GET /user/search/
2024-02-08T04:56:44.913Z - GET /connection/getConnectionCount/65c45f0cf468d3c698385e9b
2024-02-08T04:56:44.918Z - GET /connection/getConnectionByUserId/65c45f0cf468d3c698385e9b
2024-02-08T04:56:54.888Z - OPTIONS /user/createProfile
2024-02-08T04:56:54.893Z - POST /user/createProfile
2024-02-08T04:56:58.517Z - POST /user/createProfile
2024-02-08T04:56:58.619Z - GET /connection/getConnectionCount/65c45f1af468d3c698385ea0
2024-02-08T04:56:58.624Z - GET /connection/getConnectionByUserId/65c45f1af468d3c698385ea0
2024-02-08T04:56:58.625Z - GET /login/sucess
2024-02-08T04:56:58.650Z - GET /user/search/
2024-02-08T04:56:58.712Z - GET /connection/getConnectionCount/65c45f1af468d3c698385ea0
2024-02-08T04:56:58.719Z - GET /connection/getConnectionByUserId/65c45f1af468d3c698385ea0
2024-02-08T04:56:59.994Z - GET /connection/getConnectionCount/65c30feb939146dfd45fd3eb
2024-02-08T04:57:11.798Z - GET /connection/getConnectionCount/65c30feb939146dfd45fd3eb
2024-02-08T04:57:13.059Z - GET /connection/findMutual/65c30feb939146dfd45fd3eb
2024-02-08T04:57:13.063Z - GET /connection/getAllByUserId/65c30feb939146dfd45fd3eb
2024-02-08T04:57:53.076Z - GET /login/sucess
2024-02-08T04:57:53.153Z - GET /user/search/
2024-02-08T04:57:53.288Z - GET /connection/getAllByUserId/65c30feb939146dfd45fd3eb
2024-02-08T04:57:53.293Z - GET /connection/findMutual/65c30feb939146dfd45fd3eb
2024-02-08T04:58:12.245Z - GET /login/sucess
2024-02-08T04:58:12.264Z - GET /connection/getAllByUserId/65c30feb939146dfd45fd3eb
2024-02-08T04:58:12.292Z - GET /connection/findMutual/65c30feb939146dfd45fd3eb
2024-02-08T04:58:12.441Z - GET /user/search/
2024-02-08T04:58:12.920Z - GET /connection/getAllByUserId/65c30feb939146dfd45fd3eb
2024-02-08T04:58:12.934Z - GET /connection/findMutual/65c30feb939146dfd45fd3eb
2024-02-08T04:58:15.330Z - GET /logout
2024-02-08T04:58:16.375Z - GET /login/sucess
2024-02-08T04:58:18.141Z - GET /logout
2024-02-08T04:58:18.803Z - GET /login/sucess
2024-02-08T04:58:53.023Z - GET /login/sucess
2024-02-08T04:58:55.119Z - GET /login/sucess
2024-02-08T04:59:39.028Z - GET /login/sucess
2024-02-08T04:59:52.017Z - GET /login/sucess
2024-02-08T05:01:07.008Z - GET /login/sucess
2024-02-08T05:01:17.041Z - GET /login/sucess
2024-02-08T05:02:03.033Z - GET /login/sucess
2024-02-08T05:02:05.257Z - GET /login/sucess
2024-02-08T05:02:08.011Z - GET /login/sucess
2024-02-08T05:02:14.015Z - GET /login/sucess
2024-02-08T05:02:21.707Z - GET /login/sucess
2024-02-08T05:02:37.007Z - GET /login/sucess
2024-02-08T05:02:47.013Z - GET /login/sucess
2024-02-08T05:03:09.926Z - GET /login/sucess
2024-02-08T05:03:14.587Z - GET /login/sucess
2024-02-08T05:03:27.342Z - GET /login/sucess
2024-02-08T05:03:31.491Z - GET /login/sucess
2024-02-08T05:04:06.927Z - GET /login/sucess
2024-02-08T05:04:10.023Z - GET /auth/google/callback
2024-02-08T05:04:10.624Z - GET /auth/google/callback?code=4%2F0AfJohXkIr6aRGyl0J_5jR7dZ-sjzz6hgJXMS9MtO_xRXZa36TjnSZ1mcSz61EkzLcE6oKA&scope=email+profile+openid+https%3A%2F%2Fwww.googleapis.com%2Fauth%2Fuserinfo.profile+https%3A%2F%2Fwww.googleapis.com%2Fauth%2Fuserinfo.email&authuser=0&hd=crestdatasys.com&prompt=none
2024-02-08T05:04:12.357Z - GET /login/sucess
2024-02-08T05:04:12.406Z - GET /user/search/
2024-02-08T05:04:14.880Z - GET /connection/getConnectionCount/65c3100a7d6f697c73629b9a
2024-02-08T05:04:14.885Z - GET /connection/getConnectionByUserId/65c3100a7d6f697c73629b9a
2024-02-08T05:04:18.117Z - GET /connection/getConnectionCount/65c45f0cf468d3c698385e9b
2024-02-08T05:04:18.122Z - GET /connection/getConnectionByUserId/65c45f0cf468d3c698385e9b
2024-02-08T05:06:20.544Z - GET /connection/getConnectionCount/65c3100a7d6f697c73629b9a
2024-02-08T05:06:20.551Z - GET /connection/getConnectionByUserId/65c3100a7d6f697c73629b9a
2024-02-08T05:06:21.539Z - GET /connection/getAllByUserId/65c3100a7d6f697c73629b9a
2024-02-08T05:06:21.546Z - GET /connection/findMutual/65c3100a7d6f697c73629b9a
2024-02-08T05:06:37.361Z - GET /connection/getAllByUserId/65c3100a7d6f697c73629b9a
2024-02-08T05:06:37.368Z - GET /connection/findMutual/65c3100a7d6f697c73629b9a
2024-02-08T05:07:22.135Z - GET /connection/getAllByUserId/65c30feb939146dfd45fd3eb
2024-02-08T05:07:22.143Z - GET /connection/findMutual/65c30feb939146dfd45fd3eb
2024-02-08T05:07:29.185Z - GET /login/sucess
2024-02-08T05:07:29.222Z - GET /user/search/
2024-02-08T05:07:34.417Z - GET /login/sucess
2024-02-08T05:07:34.431Z - GET /user/search/
2024-02-08T05:07:44.260Z - GET /login/sucess
2024-02-08T05:07:44.262Z - GET /connection/getAllByUserId/undefined
2024-02-08T05:07:44.264Z - GET /connection/findMutual/undefined
2024-02-08T05:07:44.294Z - GET /user/search/
2024-02-08T05:07:44.620Z - GET /connection/getAllByUserId/65c30feb939146dfd45fd3eb
2024-02-08T05:07:44.625Z - GET /connection/findMutual/65c30feb939146dfd45fd3eb
2024-02-08T05:07:48.514Z - GET /connection/getConnectionCount/65c3100a7d6f697c73629b9a
2024-02-08T05:07:48.522Z - GET /connection/getConnectionByUserId/65c3100a7d6f697c73629b9a
2024-02-08T05:07:51.708Z - GET /connection/getAllByUserId/65c30feb939146dfd45fd3eb
2024-02-08T05:07:51.716Z - GET /connection/findMutual/65c30feb939146dfd45fd3eb
2024-02-08T05:08:38.191Z - GET /connection/getAllByUserId/65c30feb939146dfd45fd3eb
2024-02-08T05:08:38.304Z - GET /connection/findMutual/65c30feb939146dfd45fd3eb
2024-02-08T05:09:07.092Z - GET /connection/getAllByUserId/65c30feb939146dfd45fd3eb
2024-02-08T05:09:07.093Z - GET /connection/findMutual/65c30feb939146dfd45fd3eb
2024-02-08T05:09:19.643Z - GET /login/sucess
2024-02-08T05:09:20.602Z - GET /auth/google/callback
2024-02-08T05:09:21.214Z - GET /auth/google/callback?code=4%2F0AfJohXngKdOcC731NM3jK87pw76wm1uIFsJDB56DD1tCKbzCHh8oep75TJToNgjDiRHh0g&scope=email+profile+https%3A%2F%2Fwww.googleapis.com%2Fauth%2Fuserinfo.email+https%3A%2F%2Fwww.googleapis.com%2Fauth%2Fuserinfo.profile+openid&authuser=0&hd=crestdatasys.com&prompt=none
2024-02-08T05:09:22.004Z - GET /login/sucess
2024-02-08T05:09:22.018Z - GET /user/search/
2024-02-08T05:09:26.203Z - GET /connection/getConnectionCount/65c30feb939146dfd45fd3eb
2024-02-08T05:09:26.207Z - GET /connection/getConnectionByUserId/65c30feb939146dfd45fd3eb
2024-02-08T05:09:29.978Z - OPTIONS /connection/create
2024-02-08T05:09:29.981Z - POST /connection/create
2024-02-08T05:09:30.210Z - GET /connection/getConnectionByUserId/65c30feb939146dfd45fd3eb
2024-02-08T05:09:30.409Z - GET /login/sucess
2024-02-08T05:09:30.412Z - GET /connection/getConnectionByUserId/65c30feb939146dfd45fd3eb
2024-02-08T05:09:30.413Z - GET /connection/getConnectionCount/65c30feb939146dfd45fd3eb
2024-02-08T05:09:30.445Z - GET /user/search/
2024-02-08T05:09:30.918Z - GET /connection/getConnectionCount/65c30feb939146dfd45fd3eb
2024-02-08T05:09:30.923Z - GET /connection/getConnectionByUserId/65c30feb939146dfd45fd3eb
2024-02-08T05:09:34.056Z - GET /login/sucess
2024-02-08T05:09:34.057Z - GET /connection/getAllByUserId/undefined
2024-02-08T05:09:34.058Z - GET /connection/findMutual/undefined
2024-02-08T05:09:34.083Z - GET /user/search/
2024-02-08T05:09:34.175Z - GET /connection/getAllByUserId/65c30feb939146dfd45fd3eb
2024-02-08T05:09:34.177Z - GET /connection/findMutual/65c30feb939146dfd45fd3eb
2024-02-08T05:09:39.609Z - GET /connection/getConnectionCount/65c31196939146dfd45fd3f7
2024-02-08T05:09:39.618Z - GET /connection/getConnectionByUserId/65c31196939146dfd45fd3f7
2024-02-08T05:09:41.544Z - GET /connection/verify/39
2024-02-08T05:09:41.600Z - GET /connection/getConnectionByUserId/65c31196939146dfd45fd3f7
2024-02-08T05:09:41.829Z - GET /login/sucess
2024-02-08T05:09:41.830Z - GET /connection/getConnectionByUserId/65c31196939146dfd45fd3f7
2024-02-08T05:09:41.831Z - GET /connection/getConnectionCount/65c31196939146dfd45fd3f7
2024-02-08T05:09:41.871Z - GET /user/search/
2024-02-08T05:09:41.935Z - GET /connection/getConnectionCount/65c31196939146dfd45fd3f7
2024-02-08T05:09:41.938Z - GET /connection/getConnectionByUserId/65c31196939146dfd45fd3f7
2024-02-08T05:10:06.099Z - GET /login/sucess
2024-02-08T05:10:06.102Z - GET /login/sucess
2024-02-08T05:10:06.113Z - GET /user/search/
2024-02-08T05:10:06.121Z - GET /user/search/
2024-02-08T05:10:06.182Z - GET /connection/getConnectionCount/65c30feb939146dfd45fd3eb
2024-02-08T05:10:06.189Z - GET /connection/getConnectionByUserId/65c30feb939146dfd45fd3eb
2024-02-08T05:10:06.200Z - GET /connection/getConnectionCount/65c31196939146dfd45fd3f7
2024-02-08T05:10:06.201Z - GET /connection/getConnectionByUserId/65c31196939146dfd45fd3f7
2024-02-08T05:10:16.107Z - GET /login/sucess
2024-02-08T05:10:16.110Z - GET /login/sucess
2024-02-08T05:10:16.126Z - GET /user/search/
2024-02-08T05:10:16.182Z - GET /user/search/
2024-02-08T05:10:16.244Z - GET /connection/getConnectionCount/65c30feb939146dfd45fd3eb
2024-02-08T05:10:16.256Z - GET /connection/getConnectionByUserId/65c30feb939146dfd45fd3eb
2024-02-08T05:10:34.093Z - GET /connection/getAllByUserId/65c30feb939146dfd45fd3eb
2024-02-08T05:10:34.102Z - GET /connection/findMutual/65c30feb939146dfd45fd3eb
2024-02-08T05:10:37.332Z - GET /connection/getConnectionCount/65c31196939146dfd45fd3f7
2024-02-08T05:10:37.348Z - GET /connection/getConnectionByUserId/65c31196939146dfd45fd3f7
2024-02-08T05:10:40.472Z - GET /connection/getAllByUserId/65c30feb939146dfd45fd3eb
2024-02-08T05:10:40.481Z - GET /connection/findMutual/65c30feb939146dfd45fd3eb
2024-02-08T05:10:41.732Z - GET /login/sucess
2024-02-08T05:10:41.734Z - GET /connection/getAllByUserId/undefined
2024-02-08T05:10:41.737Z - GET /connection/findMutual/undefined
2024-02-08T05:10:41.760Z - GET /user/search/
2024-02-08T05:10:41.821Z - GET /connection/getAllByUserId/65c30feb939146dfd45fd3eb
2024-02-08T05:10:41.830Z - GET /connection/findMutual/65c30feb939146dfd45fd3eb
2024-02-08T05:10:55.075Z - GET /connection/getAllPending/undefined
2024-02-08T05:10:55.084Z - GET /connection/findMutual/undefined
2024-02-08T05:10:59.187Z - GET /connection/getConnectionCount/65c30feb939146dfd45fd3eb
2024-02-08T05:11:02.942Z - GET /connection/getAllPending/undefined
2024-02-08T05:11:02.947Z - GET /connection/findMutual/undefined
2024-02-08T05:11:11.703Z - GET /connection/getConnectionCount/65c30feb939146dfd45fd3eb
2024-02-08T05:11:13.530Z - GET /connection/getAllByUserId/65c30feb939146dfd45fd3eb
2024-02-08T05:11:13.536Z - GET /connection/findMutual/65c30feb939146dfd45fd3eb
2024-02-08T05:11:17.132Z - GET /login/sucess
2024-02-08T05:11:17.136Z - GET /connection/getAllByUserId/undefined
2024-02-08T05:11:17.137Z - GET /connection/findMutual/undefined
2024-02-08T05:11:17.153Z - GET /user/search/
2024-02-08T05:11:17.215Z - GET /connection/getAllByUserId/65c30feb939146dfd45fd3eb
2024-02-08T05:11:17.219Z - GET /connection/findMutual/65c30feb939146dfd45fd3eb
2024-02-08T05:11:18.918Z - GET /connection/getConnectionCount/65c30feb939146dfd45fd3eb
2024-02-08T05:11:19.633Z - GET /connection/getAllPending/undefined
2024-02-08T05:11:19.638Z - GET /connection/findMutual/undefined
2024-02-08T05:12:17.106Z - GET /connection/getAllPending/undefined
2024-02-08T05:12:17.110Z - GET /connection/findMutual/undefined
2024-02-08T05:12:44.118Z - GET /connection/getAllPending/65c30feb939146dfd45fd3eb
2024-02-08T05:12:44.124Z - GET /connection/findMutual/65c30feb939146dfd45fd3eb
2024-02-08T05:12:46.396Z - GET /login/sucess
2024-02-08T05:12:46.399Z - GET /connection/getAllPending/undefined
2024-02-08T05:12:46.402Z - GET /connection/findMutual/undefined
2024-02-08T05:12:46.431Z - GET /user/search/
2024-02-08T05:12:46.546Z - GET /connection/getAllPending/65c30feb939146dfd45fd3eb
2024-02-08T05:12:46.552Z - GET /connection/findMutual/65c30feb939146dfd45fd3eb
2024-02-08T05:12:49.645Z - GET /login/sucess
2024-02-08T05:12:49.677Z - GET /user/search/
2024-02-08T05:13:07.128Z - GET /login/sucess
2024-02-08T05:13:07.138Z - GET /login/sucess
2024-02-08T05:13:07.172Z - GET /user/search/
2024-02-08T05:13:07.225Z - GET /user/search/
2024-02-08T05:13:07.521Z - GET /connection/getConnectionCount/65c30feb939146dfd45fd3eb
2024-02-08T05:13:07.532Z - GET /connection/getConnectionByUserId/65c30feb939146dfd45fd3eb
2024-02-08T05:13:11.934Z - GET /login/sucess
2024-02-08T05:13:12.010Z - GET /user/search/
2024-02-08T05:13:13.129Z - GET /connection/getConnectionCount/65c30feb939146dfd45fd3eb
2024-02-08T05:13:14.424Z - GET /connection/getAllByUserId/65c30feb939146dfd45fd3eb
2024-02-08T05:13:14.428Z - GET /connection/findMutual/65c30feb939146dfd45fd3eb
2024-02-08T05:13:19.098Z - GET /connection/getAllPending/65c30feb939146dfd45fd3eb
2024-02-08T05:13:19.103Z - GET /connection/findMutual/65c30feb939146dfd45fd3eb
2024-02-08T05:13:22.502Z - GET /login/sucess
2024-02-08T05:13:22.508Z - GET /connection/getConnectionCount/65c30feb939146dfd45fd3eb
2024-02-08T05:13:22.509Z - GET /connection/getConnectionByUserId/65c30feb939146dfd45fd3eb
2024-02-08T05:13:22.535Z - GET /user/search/
2024-02-08T05:13:22.596Z - GET /connection/getConnectionCount/65c30feb939146dfd45fd3eb
2024-02-08T05:13:22.599Z - GET /connection/getConnectionByUserId/65c30feb939146dfd45fd3eb
2024-02-08T05:13:23.455Z - OPTIONS /connection/remove/39
2024-02-08T05:13:23.458Z - DELETE /connection/remove/39
2024-02-08T05:13:23.500Z - GET /connection/getConnectionByUserId/65c30feb939146dfd45fd3eb
2024-02-08T05:13:23.696Z - GET /login/sucess
2024-02-08T05:13:23.699Z - GET /connection/getConnectionByUserId/65c30feb939146dfd45fd3eb
2024-02-08T05:13:23.705Z - GET /connection/getConnectionCount/65c30feb939146dfd45fd3eb
2024-02-08T05:13:23.731Z - GET /user/search/
2024-02-08T05:13:24.238Z - GET /connection/getConnectionCount/65c30feb939146dfd45fd3eb
2024-02-08T05:13:24.242Z - GET /connection/getConnectionByUserId/65c30feb939146dfd45fd3eb
2024-02-08T05:13:26.730Z - OPTIONS /connection/create
2024-02-08T05:13:26.736Z - POST /connection/create
2024-02-08T05:13:27.088Z - GET /connection/getConnectionByUserId/65c30feb939146dfd45fd3eb
2024-02-08T05:13:27.396Z - GET /login/sucess
2024-02-08T05:13:27.405Z - GET /connection/getConnectionByUserId/65c30feb939146dfd45fd3eb
2024-02-08T05:13:27.406Z - GET /connection/getConnectionCount/65c30feb939146dfd45fd3eb
2024-02-08T05:13:27.455Z - GET /user/search/
2024-02-08T05:13:27.520Z - GET /connection/getConnectionCount/65c30feb939146dfd45fd3eb
2024-02-08T05:13:27.526Z - GET /connection/getConnectionByUserId/65c30feb939146dfd45fd3eb
2024-02-08T05:13:30.227Z - GET /login/sucess
2024-02-08T05:13:30.234Z - GET /connection/getAllPending/undefined
2024-02-08T05:13:30.234Z - GET /connection/findMutual/undefined
2024-02-08T05:13:30.262Z - GET /user/search/
2024-02-08T05:13:30.339Z - GET /connection/getAllPending/65c30feb939146dfd45fd3eb
2024-02-08T05:13:30.343Z - GET /connection/findMutual/65c30feb939146dfd45fd3eb
2024-02-08T05:13:31.719Z - GET /connection/getConnectionCount/65c31196939146dfd45fd3f7
2024-02-08T05:13:31.725Z - GET /connection/getConnectionByUserId/65c31196939146dfd45fd3f7
2024-02-08T05:13:32.656Z - GET /connection/getAllByUserId/65c31196939146dfd45fd3f7
2024-02-08T05:13:32.665Z - GET /connection/findMutual/65c31196939146dfd45fd3f7
2024-02-08T05:13:38.485Z - GET /connection/getConnectionCount/65c31196939146dfd45fd3f7
2024-02-08T05:13:38.490Z - GET /connection/getConnectionByUserId/65c31196939146dfd45fd3f7
2024-02-08T05:13:40.691Z - GET /connection/verify/40
2024-02-08T05:13:40.743Z - GET /connection/getConnectionByUserId/65c31196939146dfd45fd3f7
2024-02-08T05:13:40.962Z - GET /login/sucess
2024-02-08T05:13:40.964Z - GET /connection/getConnectionCount/65c31196939146dfd45fd3f7
2024-02-08T05:13:40.965Z - GET /connection/getConnectionByUserId/65c31196939146dfd45fd3f7
2024-02-08T05:13:41.001Z - GET /user/search/
2024-02-08T05:13:41.064Z - GET /connection/getConnectionCount/65c31196939146dfd45fd3f7
2024-02-08T05:13:41.070Z - GET /connection/getConnectionByUserId/65c31196939146dfd45fd3f7
2024-02-08T05:13:42.483Z - GET /connection/getAllPending/65c30feb939146dfd45fd3eb
2024-02-08T05:13:42.491Z - GET /connection/findMutual/65c30feb939146dfd45fd3eb
2024-02-08T05:13:43.824Z - GET /login/sucess
2024-02-08T05:13:43.826Z - GET /connection/getAllPending/undefined
2024-02-08T05:13:43.826Z - GET /connection/findMutual/undefined
2024-02-08T05:13:43.845Z - GET /user/search/
2024-02-08T05:13:44.098Z - GET /connection/getAllPending/65c30feb939146dfd45fd3eb
2024-02-08T05:13:44.104Z - GET /connection/findMutual/65c30feb939146dfd45fd3eb
2024-02-08T05:13:56.362Z - GET /connection/getConnectionCount/65c30feb939146dfd45fd3eb
2024-02-08T05:13:58.576Z - GET /login/sucess
2024-02-08T05:13:58.579Z - GET /connection/getConnectionCount/65c30feb939146dfd45fd3eb
2024-02-08T05:13:58.583Z - GET /connection/getConnectionByUserId/65c30feb939146dfd45fd3eb
2024-02-08T05:13:58.634Z - GET /user/search/
2024-02-08T05:13:58.731Z - GET /connection/getConnectionCount/65c30feb939146dfd45fd3eb
2024-02-08T05:14:08.885Z - GET /login/sucess
2024-02-08T05:14:08.889Z - GET /connection/getConnectionCount/65c30feb939146dfd45fd3eb
2024-02-08T05:14:08.892Z - GET /connection/getConnectionByUserId/65c30feb939146dfd45fd3eb
2024-02-08T05:14:08.938Z - GET /user/search/
2024-02-08T05:14:09.012Z - GET /connection/getConnectionCount/65c30feb939146dfd45fd3eb
2024-02-08T05:14:12.540Z - GET /login/sucess
2024-02-08T05:14:12.545Z - GET /connection/getConnectionCount/65c30feb939146dfd45fd3eb
2024-02-08T05:14:12.551Z - GET /connection/getConnectionByUserId/65c30feb939146dfd45fd3eb
2024-02-08T05:14:12.584Z - GET /user/search/
2024-02-08T05:14:12.682Z - GET /connection/getConnectionCount/65c30feb939146dfd45fd3eb
2024-02-08T05:14:37.136Z - GET /login/sucess
2024-02-08T05:14:37.141Z - GET /connection/getConnectionCount/65c30feb939146dfd45fd3eb
2024-02-08T05:14:37.147Z - GET /connection/getConnectionByUserId/65c30feb939146dfd45fd3eb
2024-02-08T05:14:37.194Z - GET /user/search/
2024-02-08T05:14:37.256Z - GET /connection/getConnectionCount/65c30feb939146dfd45fd3eb
2024-02-08T05:14:46.874Z - GET /connection/getAllByUserId/65c30feb939146dfd45fd3eb
2024-02-08T05:14:46.882Z - GET /connection/findMutual/65c30feb939146dfd45fd3eb
2024-02-08T05:14:48.664Z - GET /connection/getConnectionCount/65c30feb939146dfd45fd3eb
2024-02-08T05:14:49.536Z - GET /connection/getAllByUserId/65c30feb939146dfd45fd3eb
2024-02-08T05:14:49.544Z - GET /connection/findMutual/65c30feb939146dfd45fd3eb
2024-02-08T05:14:50.830Z - GET /connection/getConnectionCount/65c31196939146dfd45fd3f7
2024-02-08T05:14:50.841Z - GET /connection/getConnectionByUserId/65c31196939146dfd45fd3f7
2024-02-08T05:14:52.022Z - GET /connection/getAllByUserId/65c31196939146dfd45fd3f7
2024-02-08T05:14:52.028Z - GET /connection/findMutual/65c31196939146dfd45fd3f7
2024-02-08T05:14:53.091Z - GET /connection/getConnectionCount/65c30feb939146dfd45fd3eb
2024-02-08T05:14:54.009Z - GET /connection/getAllByUserId/65c30feb939146dfd45fd3eb
2024-02-08T05:14:54.016Z - GET /connection/findMutual/65c30feb939146dfd45fd3eb
2024-02-08T05:14:55.046Z - GET /connection/getConnectionCount/65c3100a7d6f697c73629b9a
2024-02-08T05:14:55.056Z - GET /connection/getConnectionByUserId/65c3100a7d6f697c73629b9a
2024-02-08T05:14:56.501Z - GET /connection/getAllByUserId/65c3100a7d6f697c73629b9a
2024-02-08T05:14:56.509Z - GET /connection/findMutual/65c3100a7d6f697c73629b9a
2024-02-08T05:14:59.311Z - GET /connection/getConnectionByUserId/65c310357d6f697c73629b9b
2024-02-08T05:14:59.315Z - GET /connection/getConnectionCount/65c310357d6f697c73629b9b
2024-02-08T05:15:00.272Z - GET /connection/getAllByUserId/65c310357d6f697c73629b9b
2024-02-08T05:15:00.279Z - GET /connection/findMutual/65c310357d6f697c73629b9b
2024-02-08T05:15:03.666Z - GET /connection/getConnectionCount/65c310517d6f697c73629b9c
2024-02-08T05:15:03.676Z - GET /connection/getConnectionByUserId/65c310517d6f697c73629b9c
2024-02-08T05:15:08.212Z - OPTIONS /connection/create
2024-02-08T05:15:08.215Z - POST /connection/create
2024-02-08T05:15:08.309Z - GET /connection/getConnectionByUserId/65c310517d6f697c73629b9c
2024-02-08T05:15:08.841Z - GET /login/sucess
2024-02-08T05:15:08.843Z - GET /connection/getConnectionCount/65c310517d6f697c73629b9c
2024-02-08T05:15:08.844Z - GET /connection/getConnectionByUserId/65c310517d6f697c73629b9c
2024-02-08T05:15:08.892Z - GET /user/search/
2024-02-08T05:15:09.020Z - GET /connection/getConnectionCount/65c310517d6f697c73629b9c
2024-02-08T05:15:09.024Z - GET /connection/getConnectionByUserId/65c310517d6f697c73629b9c
2024-02-08T05:15:41.124Z - GET /login/sucess
2024-02-08T05:15:41.127Z - GET /connection/getConnectionCount/65c310517d6f697c73629b9c
2024-02-08T05:15:41.139Z - GET /connection/getConnectionByUserId/65c310517d6f697c73629b9c
2024-02-08T05:15:41.207Z - GET /user/search/
2024-02-08T05:15:41.314Z - GET /connection/getConnectionCount/65c310517d6f697c73629b9c
2024-02-08T05:15:41.322Z - GET /connection/getConnectionByUserId/65c310517d6f697c73629b9c
2024-02-08T05:15:42.489Z - GET /connection/getAllByUserId/65c310517d6f697c73629b9c
2024-02-08T05:15:42.494Z - GET /connection/findMutual/65c310517d6f697c73629b9c
2024-02-08T05:15:51.095Z - GET /connection/getConnectionCount/65c310357d6f697c73629b9b
2024-02-08T05:15:51.101Z - GET /connection/getConnectionByUserId/65c310357d6f697c73629b9b
2024-02-08T05:15:52.159Z - GET /connection/getAllByUserId/65c310357d6f697c73629b9b
2024-02-08T05:15:52.167Z - GET /connection/findMutual/65c310357d6f697c73629b9b
2024-02-08T05:15:54.498Z - GET /connection/getConnectionCount/65c310357d6f697c73629b9b
2024-02-08T05:15:54.503Z - GET /connection/getConnectionByUserId/65c310357d6f697c73629b9b
2024-02-08T05:15:55.195Z - GET /connection/getAllByUserId/65c310517d6f697c73629b9c
2024-02-08T05:15:55.200Z - GET /connection/findMutual/65c310517d6f697c73629b9c
2024-02-08T05:15:56.116Z - GET /connection/getConnectionCount/65c310357d6f697c73629b9b
2024-02-08T05:15:56.122Z - GET /connection/getConnectionByUserId/65c310357d6f697c73629b9b
2024-02-08T05:15:59.492Z - OPTIONS /connection/create
2024-02-08T05:15:59.497Z - POST /connection/create
2024-02-08T05:15:59.592Z - GET /connection/getConnectionByUserId/65c310357d6f697c73629b9b
2024-02-08T05:16:00.163Z - GET /login/sucess
2024-02-08T05:16:00.165Z - GET /connection/getConnectionCount/65c310357d6f697c73629b9b
2024-02-08T05:16:00.172Z - GET /connection/getConnectionByUserId/65c310357d6f697c73629b9b
2024-02-08T05:16:00.209Z - GET /user/search/
2024-02-08T05:16:00.294Z - GET /connection/getConnectionCount/65c310357d6f697c73629b9b
2024-02-08T05:16:00.300Z - GET /connection/getConnectionByUserId/65c310357d6f697c73629b9b
2024-02-08T05:16:14.798Z - GET /login/sucess
2024-02-08T05:16:14.801Z - GET /connection/getConnectionCount/65c310357d6f697c73629b9b
2024-02-08T05:16:14.808Z - GET /connection/getConnectionByUserId/65c310357d6f697c73629b9b
2024-02-08T05:16:14.880Z - GET /user/search/
2024-02-08T05:16:14.958Z - GET /connection/getConnectionCount/65c310357d6f697c73629b9b
2024-02-08T05:16:14.963Z - GET /connection/getConnectionByUserId/65c310357d6f697c73629b9b
2024-02-08T05:16:16.307Z - GET /connection/getAllByUserId/65c310357d6f697c73629b9b
2024-02-08T05:16:16.315Z - GET /connection/findMutual/65c310357d6f697c73629b9b
2024-02-08T05:16:19.635Z - GET /connection/getConnectionCount/65c30feb939146dfd45fd3eb
2024-02-08T05:19:28.198Z - GET /login/sucess
2024-02-08T05:19:29.453Z - GET /auth/google/callback
2024-02-08T05:19:29.965Z - GET /auth/google/callback?code=4%2F0AfJohXn17zzr83v1i62g7nWzwiIudk_lkPwDxehzqVIo3YdV4CZMOUtSAdWgWJYrPrjQ3g&scope=email+profile+openid+https%3A%2F%2Fwww.googleapis.com%2Fauth%2Fuserinfo.email+https%3A%2F%2Fwww.googleapis.com%2Fauth%2Fuserinfo.profile&authuser=0&hd=crestdatasys.com&prompt=none
2024-02-08T05:19:31.452Z - GET /login/sucess
2024-02-08T05:19:31.470Z - GET /user/search/
2024-02-08T05:19:32.535Z - GET /connection/getConnectionCount/65c310357d6f697c73629b9b
2024-02-08T05:19:32.548Z - GET /connection/getConnectionByUserId/65c310357d6f697c73629b9b
2024-02-08T05:19:33.567Z - GET /connection/getAllByUserId/65c310357d6f697c73629b9b
2024-02-08T05:19:33.577Z - GET /connection/findMutual/65c310357d6f697c73629b9b
2024-02-08T05:19:34.813Z - GET /connection/getConnectionCount/65c30feb939146dfd45fd3eb
2024-02-08T05:19:36.259Z - GET /connection/findMutual/65c30feb939146dfd45fd3eb
2024-02-08T05:19:36.261Z - GET /connection/getAllByUserId/65c30feb939146dfd45fd3eb
2024-02-08T05:19:37.468Z - GET /connection/getConnectionCount/65c31196939146dfd45fd3f7
2024-02-08T05:19:37.475Z - GET /connection/getConnectionByUserId/65c31196939146dfd45fd3f7
2024-02-08T05:19:38.800Z - OPTIONS /connection/remove/40
2024-02-08T05:19:38.804Z - DELETE /connection/remove/40
2024-02-08T05:19:38.855Z - GET /connection/getConnectionByUserId/65c31196939146dfd45fd3f7
2024-02-08T05:19:39.107Z - GET /login/sucess
2024-02-08T05:19:39.109Z - GET /connection/getConnectionCount/65c31196939146dfd45fd3f7
2024-02-08T05:19:39.109Z - GET /connection/getConnectionByUserId/65c31196939146dfd45fd3f7
2024-02-08T05:19:39.141Z - GET /user/search/
2024-02-08T05:19:39.223Z - GET /connection/getConnectionCount/65c31196939146dfd45fd3f7
2024-02-08T05:19:39.226Z - GET /connection/getConnectionByUserId/65c31196939146dfd45fd3f7
2024-02-08T05:19:47.185Z - OPTIONS /connection/create
2024-02-08T05:19:47.188Z - POST /connection/create
2024-02-08T05:19:47.373Z - GET /connection/getConnectionByUserId/65c31196939146dfd45fd3f7
2024-02-08T05:19:47.603Z - GET /login/sucess
2024-02-08T05:19:47.605Z - GET /connection/getConnectionByUserId/65c31196939146dfd45fd3f7
2024-02-08T05:19:47.605Z - GET /connection/getConnectionCount/65c31196939146dfd45fd3f7
2024-02-08T05:19:47.646Z - GET /user/search/
2024-02-08T05:19:47.717Z - GET /connection/getConnectionCount/65c31196939146dfd45fd3f7
2024-02-08T05:19:47.722Z - GET /connection/getConnectionByUserId/65c31196939146dfd45fd3f7
2024-02-08T05:19:52.049Z - GET /login/sucess
2024-02-08T05:19:52.050Z - GET /connection/getConnectionCount/65c30feb939146dfd45fd3eb
2024-02-08T05:19:52.051Z - GET /connection/getConnectionByUserId/65c30feb939146dfd45fd3eb
2024-02-08T05:19:53.400Z - GET /auth/google/callback
2024-02-08T05:19:54.169Z - GET /auth/google/callback?code=4%2F0AfJohXm1KCGchCVnDdW4es6MagDDgHHVmYaEROEafCqkust6o2OpvGp1G_V6gmuKlBJfHQ&scope=email+profile+openid+https%3A%2F%2Fwww.googleapis.com%2Fauth%2Fuserinfo.email+https%3A%2F%2Fwww.googleapis.com%2Fauth%2Fuserinfo.profile&authuser=0&hd=crestdatasys.com&prompt=none
2024-02-08T05:19:54.914Z - GET /login/sucess
2024-02-08T05:19:54.927Z - GET /user/search/
2024-02-08T05:19:56.003Z - GET /connection/getConnectionCount/65c30feb939146dfd45fd3eb
2024-02-08T05:19:56.005Z - GET /connection/getConnectionByUserId/65c30feb939146dfd45fd3eb
2024-02-08T05:19:57.632Z - GET /connection/getAllByUserId/65c30feb939146dfd45fd3eb
2024-02-08T05:19:57.634Z - GET /connection/findMutual/65c30feb939146dfd45fd3eb
2024-02-08T05:22:16.003Z - GET /login/sucess
2024-02-08T05:22:16.006Z - GET /connection/getConnectionCount/65c31196939146dfd45fd3f7
2024-02-08T05:22:16.007Z - GET /connection/getConnectionByUserId/65c31196939146dfd45fd3f7
2024-02-08T05:22:16.081Z - GET /user/search/
2024-02-08T05:22:16.209Z - GET /connection/getConnectionCount/65c31196939146dfd45fd3f7
2024-02-08T05:22:16.215Z - GET /connection/getConnectionByUserId/65c31196939146dfd45fd3f7
2024-02-08T05:22:17.333Z - GET /connection/getAllByUserId/65c31196939146dfd45fd3f7
2024-02-08T05:22:17.338Z - GET /connection/findMutual/65c31196939146dfd45fd3f7
2024-02-08T05:22:18.406Z - GET /connection/getConnectionCount/65c30feb939146dfd45fd3eb
2024-02-08T05:22:19.302Z - GET /connection/getAllByUserId/65c30feb939146dfd45fd3eb
2024-02-08T05:22:19.309Z - GET /connection/findMutual/65c30feb939146dfd45fd3eb
2024-02-08T05:22:20.348Z - GET /connection/getConnectionCount/65c310517d6f697c73629b9c
2024-02-08T05:22:20.354Z - GET /connection/getConnectionByUserId/65c310517d6f697c73629b9c
2024-02-08T05:22:21.132Z - GET /connection/getAllByUserId/65c310517d6f697c73629b9c
2024-02-08T05:22:21.135Z - GET /connection/findMutual/65c310517d6f697c73629b9c
2024-02-08T05:22:22.198Z - GET /connection/getConnectionByUserId/65c348645866dbc80306e8c7
2024-02-08T05:22:22.202Z - GET /connection/getConnectionCount/65c348645866dbc80306e8c7
2024-02-08T05:22:22.948Z - GET /connection/getAllByUserId/65c348645866dbc80306e8c7
2024-02-08T05:22:22.953Z - GET /connection/findMutual/65c348645866dbc80306e8c7
2024-02-08T05:22:23.997Z - GET /connection/getConnectionCount/65c310517d6f697c73629b9c
2024-02-08T05:22:24.002Z - GET /connection/getConnectionByUserId/65c310517d6f697c73629b9c
2024-02-08T05:22:25.555Z - GET /connection/getConnectionCount/65c30feb939146dfd45fd3eb
2024-02-08T05:22:28.823Z - GET /connection/getConnectionCount/65c310357d6f697c73629b9b
2024-02-08T05:22:28.829Z - GET /connection/getConnectionByUserId/65c310357d6f697c73629b9b
2024-02-08T05:22:30.838Z - GET /connection/getConnectionCount/65c30feb939146dfd45fd3eb
2024-02-08T05:22:36.031Z - OPTIONS /user/updateProfile/65c30feb939146dfd45fd3eb
2024-02-08T05:22:36.035Z - PUT /user/updateProfile/65c30feb939146dfd45fd3eb
2024-02-08T05:22:36.171Z - GET /login/sucess
2024-02-08T05:22:36.387Z - GET /login/sucess
2024-02-08T05:22:36.419Z - GET /user/search/
2024-02-08T05:22:38.768Z - GET /connection/getConnectionCount/65c30feb939146dfd45fd3eb
2024-02-08T05:22:49.865Z - GET /connection/getConnectionCount/65c45f0cf468d3c698385e9b
2024-02-08T05:22:49.874Z - GET /connection/getConnectionByUserId/65c45f0cf468d3c698385e9b
2024-02-08T05:22:55.982Z - OPTIONS /user/updateProfile/65c45f0cf468d3c698385e9b
2024-02-08T05:22:55.988Z - PUT /user/updateProfile/65c45f0cf468d3c698385e9b
2024-02-08T05:22:56.086Z - GET /login/sucess
2024-02-08T05:22:56.316Z - GET /login/sucess
2024-02-08T05:22:56.348Z - GET /user/search/
2024-02-08T05:22:58.854Z - GET /connection/getConnectionCount/65c45f0cf468d3c698385e9b
2024-02-08T05:22:58.859Z - GET /connection/getConnectionByUserId/65c45f0cf468d3c698385e9b
2024-02-08T05:23:00.841Z - GET /login/sucess
2024-02-08T05:23:00.843Z - GET /connection/getConnectionCount/65c45f0cf468d3c698385e9b
2024-02-08T05:23:00.844Z - GET /connection/getConnectionByUserId/65c45f0cf468d3c698385e9b
2024-02-08T05:23:00.876Z - GET /user/search/
2024-02-08T05:23:00.976Z - GET /connection/getConnectionCount/65c45f0cf468d3c698385e9b
2024-02-08T05:23:00.978Z - GET /connection/getConnectionByUserId/65c45f0cf468d3c698385e9b
2024-02-08T05:23:04.973Z - OPTIONS /user/updateProfile/65c45f0cf468d3c698385e9b
2024-02-08T05:23:04.977Z - PUT /user/updateProfile/65c45f0cf468d3c698385e9b
2024-02-08T05:23:05.072Z - GET /login/sucess
2024-02-08T05:23:05.278Z - GET /login/sucess
2024-02-08T05:23:05.309Z - GET /user/search/
2024-02-08T05:23:07.104Z - GET /connection/getConnectionCount/65c45f0cf468d3c698385e9b
2024-02-08T05:23:07.109Z - GET /connection/getConnectionByUserId/65c45f0cf468d3c698385e9b
2024-02-08T05:23:14.721Z - GET /connection/getConnectionCount/65c45f1af468d3c698385ea0
2024-02-08T05:23:14.730Z - GET /connection/getConnectionByUserId/65c45f1af468d3c698385ea0
2024-02-08T05:23:15.944Z - GET /connection/getAllByUserId/65c45f1af468d3c698385ea0
2024-02-08T05:23:15.950Z - GET /connection/findMutual/65c45f1af468d3c698385ea0
2024-02-08T05:23:18.022Z - GET /connection/getConnectionCount/65c45f1af468d3c698385ea0
2024-02-08T05:23:18.025Z - GET /connection/getConnectionByUserId/65c45f1af468d3c698385ea0
2024-02-08T05:23:30.422Z - OPTIONS /user/updateProfile/65c45f1af468d3c698385ea0
2024-02-08T05:23:30.427Z - PUT /user/updateProfile/65c45f1af468d3c698385ea0
2024-02-08T05:23:30.521Z - GET /login/sucess
2024-02-08T05:23:30.828Z - GET /login/sucess
2024-02-08T05:23:30.867Z - GET /user/search/
2024-02-08T05:23:32.128Z - GET /connection/getConnectionCount/65c45f1af468d3c698385ea0
2024-02-08T05:23:32.142Z - GET /connection/getConnectionByUserId/65c45f1af468d3c698385ea0
2024-02-08T05:23:33.511Z - GET /login/sucess
2024-02-08T05:23:33.515Z - GET /connection/getConnectionCount/65c45f1af468d3c698385ea0
2024-02-08T05:23:33.519Z - GET /connection/getConnectionByUserId/65c45f1af468d3c698385ea0
2024-02-08T05:23:33.551Z - GET /user/search/
2024-02-08T05:23:33.601Z - GET /connection/getConnectionCount/65c45f1af468d3c698385ea0
2024-02-08T05:23:33.608Z - GET /connection/getConnectionByUserId/65c45f1af468d3c698385ea0
2024-02-08T05:23:34.360Z - GET /connection/getAllByUserId/65c45f1af468d3c698385ea0
2024-02-08T05:23:34.364Z - GET /connection/findMutual/65c45f1af468d3c698385ea0
2024-02-08T05:23:37.745Z - GET /connection/getConnectionCount/65c45f1af468d3c698385ea0
2024-02-08T05:23:37.750Z - GET /connection/getConnectionByUserId/65c45f1af468d3c698385ea0
2024-02-08T05:23:38.710Z - GET /connection/getAllByUserId/65c45f1af468d3c698385ea0
2024-02-08T05:23:38.719Z - GET /connection/findMutual/65c45f1af468d3c698385ea0
2024-02-08T05:23:40.767Z - GET /connection/getConnectionCount/65c45f1af468d3c698385ea0
2024-02-08T05:23:40.772Z - GET /connection/getConnectionByUserId/65c45f1af468d3c698385ea0
2024-02-08T05:23:43.073Z - OPTIONS /user/deleteProfile/65c45f1af468d3c698385ea0
2024-02-08T05:23:43.077Z - DELETE /user/deleteProfile/65c45f1af468d3c698385ea0
2024-02-08T05:23:43.226Z - GET /login/sucess
2024-02-08T05:23:43.255Z - GET /user/search/
2024-02-08T05:23:46.763Z - GET /login/sucess
2024-02-08T05:23:46.778Z - GET /user/search/
2024-02-08T05:27:29.706Z - GET /login/sucess
2024-02-08T05:27:30.770Z - GET /auth/google/callback
2024-02-08T05:27:31.413Z - GET /auth/google/callback?code=4%2F0AfJohXkklO1uMxTxPUmh1TWY5Jiq0CkBgJks4MlAgyM6_JqncgMcUiyMWGsw88FvF8hckg&scope=email+profile+openid+https%3A%2F%2Fwww.googleapis.com%2Fauth%2Fuserinfo.profile+https%3A%2F%2Fwww.googleapis.com%2Fauth%2Fuserinfo.email&authuser=0&hd=crestdatasys.com&prompt=none
2024-02-08T05:27:32.416Z - GET /login/sucess
2024-02-08T05:27:32.441Z - GET /user/search/
2024-02-08T05:29:28.568Z - GET /login/sucess
2024-02-08T05:29:28.666Z - GET /login/sucess
2024-02-08T05:29:32.133Z - GET /auth/google/callback
2024-02-08T05:29:32.818Z - GET /auth/google/callback?code=4%2F0AfJohXmPPNv3ZMWrsD3IhklyNg0DRlQZOMvnGj_Y4Qi30iSgxR8tQigF77WBibHFQdMN9Q&scope=email+profile+https%3A%2F%2Fwww.googleapis.com%2Fauth%2Fuserinfo.email+https%3A%2F%2Fwww.googleapis.com%2Fauth%2Fuserinfo.profile+openid&authuser=0&hd=crestdatasys.com&prompt=none
2024-02-08T05:29:33.752Z - GET /login/sucess
2024-02-08T05:29:33.771Z - GET /user/search/
2024-02-08T05:29:35.214Z - GET /connection/getConnectionByUserId/65c3100a7d6f697c73629b9a
2024-02-08T05:29:35.225Z - GET /connection/getConnectionCount/65c3100a7d6f697c73629b9a
2024-02-08T05:29:36.274Z - GET /connection/getAllByUserId/65c3100a7d6f697c73629b9a
2024-02-08T05:29:36.280Z - GET /connection/findMutual/65c3100a7d6f697c73629b9a
2024-02-08T05:29:38.505Z - GET /connection/getConnectionCount/65c30feb939146dfd45fd3eb
2024-02-08T05:29:41.909Z - GET /connection/getConnectionByUserId/65c310517d6f697c73629b9c
2024-02-08T05:29:41.912Z - GET /connection/getConnectionCount/65c310517d6f697c73629b9c
2024-02-08T05:30:15.202Z - GET /login/sucess
2024-02-08T05:30:15.235Z - GET /user/search/
2024-02-08T05:30:19.091Z - GET /login/sucess
2024-02-08T05:30:19.106Z - GET /user/search/
2024-02-08T05:30:22.668Z - GET /login/sucess
2024-02-08T05:30:22.718Z - GET /user/search/
2024-02-08T05:30:33.128Z - GET /login/sucess
2024-02-08T05:30:33.151Z - GET /user/search/
2024-02-09T05:18:20.073Z - GET /login/sucess
2024-02-09T05:18:22.219Z - GET /auth/google/callback
2024-02-09T05:18:22.835Z - GET /auth/google/callback?code=4%2F0AfJohXmK_N8GLks92TulLTX7EIfy4l2tvPNlfBmBA1sFMAevtQpMe9qwTCZlVgOolgCoHA&scope=email+profile+https%3A%2F%2Fwww.googleapis.com%2Fauth%2Fuserinfo.email+https%3A%2F%2Fwww.googleapis.com%2Fauth%2Fuserinfo.profile+openid&authuser=0&hd=crestdatasys.com&prompt=none
2024-02-09T05:18:24.272Z - GET /login/sucess
2024-02-09T05:18:24.302Z - GET /user/search/
2024-02-09T05:18:29.205Z - GET /connection/getConnectionCount/65c31196939146dfd45fd3f7
2024-02-09T05:18:29.217Z - GET /connection/getConnectionByUserId/65c31196939146dfd45fd3f7
2024-02-09T05:24:26.502Z - GET /connection/findMutual/65c31196939146dfd45fd3f7
2024-02-09T05:24:26.508Z - GET /connection/getAllByUserId/65c31196939146dfd45fd3f7
2024-02-09T05:24:30.004Z - GET /connection/getConnectionCount/65c30feb939146dfd45fd3eb
2024-02-09T05:33:23.950Z - GET /login/sucess
2024-02-09T05:33:23.956Z - GET /connection/getConnectionCount/65c30feb939146dfd45fd3eb
2024-02-09T05:33:23.958Z - GET /connection/getConnectionByUserId/65c30feb939146dfd45fd3eb
2024-02-09T05:33:24.012Z - GET /user/search/
2024-02-09T05:33:24.135Z - GET /connection/getConnectionCount/65c30feb939146dfd45fd3eb
2024-02-09T05:33:50.978Z - GET /login/sucess
2024-02-09T05:33:50.982Z - GET /connection/getConnectionCount/65c30feb939146dfd45fd3eb
2024-02-09T05:33:50.983Z - GET /connection/getConnectionByUserId/65c30feb939146dfd45fd3eb
2024-02-09T05:33:51.013Z - GET /user/search/
2024-02-09T05:33:51.093Z - GET /connection/getConnectionCount/65c30feb939146dfd45fd3eb
2024-02-09T05:40:21.670Z - GET /login/sucess
2024-02-09T05:40:21.674Z - GET /connection/getConnectionCount/65c30feb939146dfd45fd3eb
2024-02-09T05:40:21.675Z - GET /connection/getConnectionByUserId/65c30feb939146dfd45fd3eb
2024-02-09T05:40:21.694Z - GET /user/search/
2024-02-09T05:40:21.954Z - GET /connection/getConnectionCount/65c30feb939146dfd45fd3eb
2024-02-09T06:13:32.774Z - GET /login/sucess
2024-02-09T06:13:32.786Z - GET /user/search/
2024-02-09T06:14:49.180Z - GET /login/sucess
2024-02-09T06:14:49.202Z - GET /user/search/
2024-02-09T06:22:33.514Z - GET /logout
2024-02-09T06:22:33.978Z - GET /login/sucess
2024-02-09T06:24:32.228Z - GET /auth/google/callback
2024-02-09T06:24:32.940Z - GET /auth/google/callback?code=4%2F0AfJohXkwNgiGwhkA4Go8h74iF3w2s1_83cEOQ7nkNPVOFXtEIQEYQHdpsxukCtNIDj330A&scope=email+profile+openid+https%3A%2F%2Fwww.googleapis.com%2Fauth%2Fuserinfo.profile+https%3A%2F%2Fwww.googleapis.com%2Fauth%2Fuserinfo.email&authuser=0&hd=crestdatasys.com&prompt=none
2024-02-09T06:24:34.441Z - GET /login/sucess
2024-02-09T06:24:34.499Z - GET /user/search/
2024-02-09T06:25:08.054Z - OPTIONS /user/createProfile
2024-02-09T06:25:08.067Z - POST /user/createProfile
2024-02-09T06:25:08.418Z - GET /connection/getConnectionCount/65c5c544a009833d5994e5dd
2024-02-09T06:25:08.423Z - GET /login/sucess
2024-02-09T06:25:08.428Z - GET /connection/getConnectionByUserId/65c5c544a009833d5994e5dd
2024-02-09T06:25:08.474Z - GET /user/search/
2024-02-09T06:25:08.685Z - GET /connection/getConnectionCount/65c5c544a009833d5994e5dd
2024-02-09T06:25:08.722Z - GET /connection/getConnectionByUserId/65c5c544a009833d5994e5dd
2024-02-09T06:25:10.166Z - GET /connection/getConnectionCount/65c30feb939146dfd45fd3eb
2024-02-09T06:25:24.601Z - GET /login/sucess
2024-02-09T06:25:26.401Z - GET /auth/google/callback
2024-02-09T06:25:42.646Z - GET /connection/getConnectionCount/65c310517d6f697c73629b9c
2024-02-09T06:25:42.661Z - GET /connection/getConnectionByUserId/65c310517d6f697c73629b9c
2024-02-09T06:25:44.792Z - GET /connection/getAllByUserId/65c310517d6f697c73629b9c
2024-02-09T06:25:44.804Z - GET /connection/findMutual/65c310517d6f697c73629b9c
2024-02-09T06:25:52.231Z - GET /connection/getConnectionCount/65c30feb939146dfd45fd3eb
2024-02-09T06:25:56.574Z - GET /connection/getConnectionCount/65c5c544a009833d5994e5dd
2024-02-09T06:25:56.587Z - GET /connection/getConnectionByUserId/65c5c544a009833d5994e5dd
2024-02-09T06:25:59.468Z - OPTIONS /connection/create
2024-02-09T06:25:59.492Z - POST /connection/create
2024-02-09T06:25:59.926Z - GET /connection/getConnectionByUserId/65c5c544a009833d5994e5dd
2024-02-09T06:26:00.694Z - GET /login/sucess
2024-02-09T06:26:00.704Z - GET /connection/getConnectionCount/65c5c544a009833d5994e5dd
2024-02-09T06:26:00.722Z - GET /connection/getConnectionByUserId/65c5c544a009833d5994e5dd
2024-02-09T06:26:00.795Z - GET /user/search/
2024-02-09T06:26:00.939Z - GET /connection/getConnectionCount/65c5c544a009833d5994e5dd
2024-02-09T06:26:00.944Z - GET /connection/getConnectionByUserId/65c5c544a009833d5994e5dd
2024-02-09T06:26:11.323Z - GET /connection/getConnectionCount/65c5c544a009833d5994e5dd
2024-02-09T06:26:11.332Z - GET /connection/getConnectionByUserId/65c5c544a009833d5994e5dd
2024-02-09T06:26:18.907Z - OPTIONS /user/updateProfile/65c5c544a009833d5994e5dd
2024-02-09T06:26:18.916Z - PUT /user/updateProfile/65c5c544a009833d5994e5dd
2024-02-09T06:26:19.657Z - GET /login/sucess
2024-02-09T06:26:19.719Z - GET /user/search/
2024-02-09T06:26:22.489Z - GET /connection/getConnectionCount/65c5c544a009833d5994e5dd
2024-02-09T06:26:22.499Z - GET /connection/getConnectionByUserId/65c5c544a009833d5994e5dd
2024-02-09T06:29:38.769Z - OPTIONS /connection/remove/44
2024-02-09T06:29:38.773Z - DELETE /connection/remove/44
2024-02-09T06:29:38.882Z - GET /connection/getConnectionByUserId/65c5c544a009833d5994e5dd
2024-02-09T06:29:39.324Z - GET /login/sucess
2024-02-09T06:29:39.326Z - GET /connection/getConnectionCount/65c5c544a009833d5994e5dd
2024-02-09T06:29:39.334Z - GET /connection/getConnectionByUserId/65c5c544a009833d5994e5dd
2024-02-09T06:29:39.399Z - GET /user/search/
2024-02-09T06:29:39.517Z - GET /connection/getConnectionCount/65c5c544a009833d5994e5dd
2024-02-09T06:29:39.526Z - GET /connection/getConnectionByUserId/65c5c544a009833d5994e5dd
2024-02-09T06:29:41.128Z - GET /connection/getConnectionCount/65c30feb939146dfd45fd3eb
2024-02-09T06:47:35.227Z - GET /login/sucess
2024-02-09T06:47:35.252Z - GET /user/search/
2024-02-13T12:44:14.190Z - GET /login/sucess
2024-02-13T12:44:16.019Z - GET /auth/google/callback
2024-02-13T12:44:17.285Z - GET /auth/google/callback?code=4%2F0AeaYSHCgUPiUluDFyyvuqDbY1V1pyceam7L1rC6bBwbmnvRtGamo4S-Qb8FuT58SCUTOlw&scope=email+profile+https%3A%2F%2Fwww.googleapis.com%2Fauth%2Fuserinfo.email+https%3A%2F%2Fwww.googleapis.com%2Fauth%2Fuserinfo.profile+openid&authuser=0&hd=crestdatasys.com&prompt=none
2024-02-13T12:44:19.377Z - GET /login/sucess
2024-02-13T12:44:19.401Z - GET /user/search/
2024-02-13T12:49:09.618Z - OPTIONS /user/createProfile
2024-02-13T12:49:09.624Z - POST /user/createProfile
2024-02-13T12:49:09.857Z - GET /connection/getConnectionCount/65cb6545c1944b122e618408
2024-02-13T12:49:09.866Z - GET /login/sucess
2024-02-13T12:49:09.871Z - GET /connection/getConnectionByUserId/65cb6545c1944b122e618408
2024-02-13T12:49:09.897Z - GET /user/search/
2024-02-13T12:49:10.000Z - GET /connection/getConnectionCount/65cb6545c1944b122e618408
2024-02-13T12:49:10.018Z - GET /connection/getConnectionByUserId/65cb6545c1944b122e618408
2024-02-13T12:49:34.547Z - GET /connection/getConnectionCount/65cb6545c1944b122e618408
2024-02-13T12:49:34.551Z - GET /connection/getConnectionByUserId/65cb6545c1944b122e618408
2024-02-13T12:49:38.752Z - OPTIONS /connection/create
2024-02-13T12:49:38.757Z - POST /connection/create
2024-02-13T12:49:39.055Z - GET /connection/getConnectionByUserId/65cb6545c1944b122e618408
2024-02-13T12:49:39.492Z - GET /login/sucess
2024-02-13T12:49:39.495Z - GET /connection/getConnectionByUserId/65cb6545c1944b122e618408
2024-02-13T12:49:39.496Z - GET /connection/getConnectionCount/65cb6545c1944b122e618408
2024-02-13T12:49:39.521Z - GET /user/search/
2024-02-13T12:49:39.667Z - GET /connection/getConnectionCount/65cb6545c1944b122e618408
2024-02-13T12:49:39.672Z - GET /connection/getConnectionByUserId/65cb6545c1944b122e618408
2024-02-13T12:49:51.337Z - GET /connection/getAllByUserId/65cb6545c1944b122e618408
2024-02-13T12:49:51.346Z - GET /connection/findMutual/65cb6545c1944b122e618408
2024-02-13T12:49:56.230Z - GET /connection/getConnectionCount/65cb6545c1944b122e618408
2024-02-13T12:49:56.238Z - GET /connection/getConnectionByUserId/65cb6545c1944b122e618408
2024-02-13T12:49:58.966Z - GET /connection/getConnectionCount/65c310517d6f697c73629b9c
2024-02-13T12:49:58.972Z - GET /connection/getConnectionByUserId/65c310517d6f697c73629b9c
2024-02-13T12:50:00.514Z - GET /connection/findMutual/65c310517d6f697c73629b9c
2024-02-13T12:50:00.519Z - GET /connection/getAllByUserId/65c310517d6f697c73629b9c
2024-02-13T12:50:02.279Z - GET /connection/getConnectionCount/65c310517d6f697c73629b9c
2024-02-13T12:50:02.295Z - GET /connection/getConnectionByUserId/65c310517d6f697c73629b9c
2024-02-13T12:50:06.115Z - GET /connection/getAllByUserId/65c310517d6f697c73629b9c
2024-02-13T12:50:06.130Z - GET /connection/findMutual/65c310517d6f697c73629b9c
2024-02-13T12:51:15.217Z - GET /connection/getConnectionCount/65c31aa85866dbc80306e8c4
2024-02-13T12:51:15.222Z - GET /connection/getConnectionByUserId/65c31aa85866dbc80306e8c4
2024-02-13T12:51:19.733Z - GET /connection/getConnectionCount/65cb6545c1944b122e618408
2024-02-13T12:51:19.744Z - GET /connection/getConnectionByUserId/65cb6545c1944b122e618408
2024-02-13T12:51:25.922Z - OPTIONS /user/updateProfile/65cb6545c1944b122e618408
2024-02-13T12:51:25.925Z - PUT /user/updateProfile/65cb6545c1944b122e618408
2024-02-13T12:51:26.070Z - GET /login/sucess
2024-02-13T12:51:26.399Z - GET /login/sucess
2024-02-13T12:51:26.443Z - GET /user/search/
2024-02-13T12:51:30.181Z - GET /connection/getConnectionCount/65cb6545c1944b122e618408
2024-02-13T12:51:30.189Z - GET /connection/getConnectionByUserId/65cb6545c1944b122e618408
2024-02-13T12:51:37.697Z - GET /connection/getConnectionCount/65c310357d6f697c73629b9b
2024-02-13T12:51:37.712Z - GET /connection/getConnectionByUserId/65c310357d6f697c73629b9b
2024-02-13T12:51:41.246Z - OPTIONS /connection/remove/42
2024-02-13T12:51:41.250Z - DELETE /connection/remove/42
2024-02-13T12:51:41.339Z - GET /connection/getConnectionByUserId/65c310357d6f697c73629b9b
2024-02-13T12:51:41.675Z - GET /login/sucess
2024-02-13T12:51:41.677Z - GET /connection/getConnectionByUserId/65c310357d6f697c73629b9b
2024-02-13T12:51:41.679Z - GET /connection/getConnectionCount/65c310357d6f697c73629b9b
2024-02-13T12:51:41.707Z - GET /user/search/
2024-02-13T12:51:41.798Z - GET /connection/getConnectionCount/65c310357d6f697c73629b9b
2024-02-13T12:51:41.809Z - GET /connection/getConnectionByUserId/65c310357d6f697c73629b9b
2024-02-13T12:51:43.309Z - GET /connection/getAllByUserId/65c310357d6f697c73629b9b
2024-02-13T12:51:43.314Z - GET /connection/findMutual/65c310357d6f697c73629b9b
2024-02-13T12:54:51.934Z - GET /login/sucess
2024-02-13T12:54:51.969Z - GET /user/search/
2024-02-13T12:55:47.839Z - GET /static/plugins/fontawesome-free/css/all.min.css
2024-02-13T12:55:47.851Z - GET /static/css/rostertool.main.css
2024-02-13T12:55:47.861Z - GET /static/plugins/daterangepicker/daterangepicker.css
2024-02-13T12:55:47.865Z - GET /static/css/admin.dashboard.css
2024-02-13T12:55:47.867Z - GET /static/css/roastertool.min.css
2024-02-13T12:55:47.877Z - GET /static/plugins/datatables-bs4/css/dataTables.bootstrap4.min.css
2024-02-13T12:55:47.885Z - GET /static/plugins/datatables-responsive/css/responsive.bootstrap4.min.css
2024-02-13T12:55:47.889Z - GET /static/plugins/datatables-buttons/css/buttons.bootstrap4.min.css
2024-02-13T12:55:47.890Z - GET /static/plugins/icheck-bootstrap/icheck-bootstrap.min.css
2024-02-13T12:55:47.902Z - GET /static/plugins/tempusdominus-bootstrap-4/css/tempusdominus-bootstrap-4.min.css
2024-02-13T12:55:47.906Z - GET /static/plugins/select2/css/select2.min.css
2024-02-13T12:55:47.908Z - GET /static/plugins/select2-bootstrap4-theme/select2-bootstrap4.min.css
2024-02-13T12:55:47.941Z - GET /static/plugins/toastr/toastr.min.css
2024-02-13T12:55:47.944Z - GET /static/plugins/jquery/jquery.min.js
2024-02-13T12:55:47.946Z - GET /static/plugins/bootstrap/js/bootstrap.bundle.min.js
2024-02-13T12:55:47.975Z - GET /static/plugins/moment/moment.min.js
2024-02-13T12:55:47.976Z - GET /static/plugins/inputmask/jquery.inputmask.min.js
2024-02-13T12:55:47.978Z - GET /static/plugins/jquery-validation/jquery.validate.min.js
2024-02-13T12:55:47.980Z - GET /static/plugins/jquery-validation/additional-methods.min.js
2024-02-13T12:55:47.998Z - GET /static/js/roastertool.min.js
2024-02-13T12:55:48.000Z - GET /static/plugins/daterangepicker/daterangepicker.js
2024-02-13T12:55:48.010Z - GET /static/plugins/datatables/jquery.dataTables.min.js
2024-02-13T12:55:48.012Z - GET /static/plugins/tempusdominus-bootstrap-4/js/tempusdominus-bootstrap-4.min.js
2024-02-13T12:55:48.012Z - GET /static/js/roastertool.js
2024-02-13T12:55:48.013Z - GET /static/plugins/datatables-bs4/js/dataTables.bootstrap4.min.js
2024-02-13T12:55:48.032Z - GET /static/plugins/datatables-responsive/js/dataTables.responsive.min.js
2024-02-13T12:55:48.033Z - GET /static/plugins/datatables-buttons/js/dataTables.buttons.min.js
2024-02-13T12:55:48.044Z - GET /static/plugins/jszip/jszip.min.js
2024-02-13T12:55:48.045Z - GET /static/plugins/datatables-buttons/js/buttons.html5.min.js
2024-02-13T12:55:48.049Z - GET /static/plugins/datatables-responsive/js/responsive.bootstrap4.min.js
2024-02-13T12:55:48.051Z - GET /static/plugins/datatables-buttons/js/buttons.bootstrap4.min.js
2024-02-13T12:55:48.067Z - GET /static/plugins/pdfmake/vfs_fonts.js
2024-02-13T12:55:48.072Z - GET /static/plugins/pdfmake/pdfmake.min.js
2024-02-13T12:55:48.089Z - GET /static/plugins/datatables-buttons/js/buttons.print.min.js
2024-02-13T12:55:48.091Z - GET /static/plugins/datatables-buttons/js/buttons.colVis.min.js
2024-02-13T12:55:48.093Z - GET /static/plugins/datatables/datetime-moment.js
2024-02-13T12:55:48.094Z - GET /static/plugins/chart.js/Chart.min.js
2024-02-13T12:55:48.106Z - GET /static/plugins/toastr/toastr.min.js
2024-02-13T12:55:48.107Z - GET /static/plugins/select2/js/select2.full.min.js
2024-02-13T12:55:48.108Z - GET /static/js/main.js
2024-02-13T12:55:48.127Z - GET /static/js//common.js
2024-02-13T12:55:48.129Z - GET /static/js/auth.js
2024-02-13T12:55:48.131Z - GET /static/js/roster-request-handler.js
2024-02-13T12:56:39.101Z - GET /forgot-to-punch
2024-02-13T12:56:40.943Z - GET /forgot-to-punch
2024-02-13T12:56:41.972Z - GET /static/plugins/fontawesome-free/css/all.min.css
2024-02-13T12:56:41.975Z - GET /static/css/rostertool.main.css
2024-02-13T12:56:41.984Z - GET /static/plugins/datatables-responsive/css/responsive.bootstrap4.min.css
2024-02-13T12:56:41.987Z - GET /static/plugins/datatables-buttons/css/buttons.bootstrap4.min.css
2024-02-13T12:56:41.989Z - GET /static/plugins/icheck-bootstrap/icheck-bootstrap.min.css
2024-02-13T12:56:41.989Z - GET /static/plugins/tempusdominus-bootstrap-4/css/tempusdominus-bootstrap-4.min.css
2024-02-13T12:56:41.998Z - GET /static/plugins/toastr/toastr.min.css
2024-02-13T12:56:42.000Z - GET /static/plugins/select2/css/select2.min.css
2024-02-13T12:56:42.001Z - GET /static/plugins/select2-bootstrap4-theme/select2-bootstrap4.min.css
2024-02-13T12:56:42.011Z - GET /static/plugins/daterangepicker/daterangepicker.css
2024-02-13T12:56:42.011Z - GET /static/css/admin.dashboard.css
2024-02-13T12:56:42.012Z - GET /static/css/roastertool.min.css
2024-02-13T12:56:42.026Z - GET /static/plugins/datatables-bs4/css/dataTables.bootstrap4.min.css
2024-02-13T12:56:42.026Z - GET /static/plugins/jquery/jquery.min.js
2024-02-13T12:56:42.027Z - GET /static/plugins/bootstrap/js/bootstrap.bundle.min.js
2024-02-13T12:56:42.039Z - GET /static/plugins/moment/moment.min.js
2024-02-13T12:56:42.040Z - GET /static/plugins/inputmask/jquery.inputmask.min.js
2024-02-13T12:56:42.042Z - GET /static/plugins/jquery-validation/jquery.validate.min.js
2024-02-13T12:56:42.043Z - GET /static/plugins/jquery-validation/additional-methods.min.js
2024-02-13T12:56:42.062Z - GET /static/js/roastertool.min.js
2024-02-13T12:56:42.064Z - GET /static/plugins/daterangepicker/daterangepicker.js
2024-02-13T12:56:42.067Z - GET /static/plugins/tempusdominus-bootstrap-4/js/tempusdominus-bootstrap-4.min.js
2024-02-13T12:56:42.083Z - GET /static/plugins/datatables/jquery.dataTables.min.js
2024-02-13T12:56:42.086Z - GET /static/plugins/datatables-responsive/js/dataTables.responsive.min.js
2024-02-13T12:56:42.088Z - GET /static/plugins/datatables-responsive/js/responsive.bootstrap4.min.js
2024-02-13T12:56:42.097Z - GET /static/plugins/datatables-buttons/js/dataTables.buttons.min.js
2024-02-13T12:56:42.098Z - GET /static/plugins/datatables-buttons/js/buttons.bootstrap4.min.js
2024-02-13T12:56:42.099Z - GET /static/plugins/jszip/jszip.min.js
2024-02-13T12:56:42.114Z - GET /static/plugins/pdfmake/pdfmake.min.js
2024-02-13T12:56:42.116Z - GET /static/plugins/pdfmake/vfs_fonts.js
2024-02-13T12:56:42.117Z - GET /static/plugins/datatables-buttons/js/buttons.html5.min.js
2024-02-13T12:56:42.129Z - GET /static/plugins/datatables-buttons/js/buttons.print.min.js
2024-02-13T12:56:42.130Z - GET /static/plugins/datatables-buttons/js/buttons.colVis.min.js
2024-02-13T12:56:42.131Z - GET /static/plugins/datatables/datetime-moment.js
2024-02-13T12:56:42.148Z - GET /static/plugins/chart.js/Chart.min.js
2024-02-13T12:56:42.150Z - GET /static/plugins/toastr/toastr.min.js
2024-02-13T12:56:42.151Z - GET /static/plugins/select2/js/select2.full.min.js
2024-02-13T12:56:42.155Z - GET /static/js//common.js
2024-02-13T12:56:42.157Z - GET /static/js/main.js
2024-02-13T12:56:42.177Z - GET /static/js/auth.js
2024-02-13T12:56:42.179Z - GET /static/js/roastertool.js
2024-02-13T12:56:42.180Z - GET /static/plugins/datatables-bs4/js/dataTables.bootstrap4.min.js
2024-02-13T12:56:42.375Z - GET /static/img/favicon.ico
2024-02-13T12:56:42.911Z - GET /static/plugins/fontawesome-free/css/all.min.css
2024-02-13T12:56:42.920Z - GET /static/plugins/daterangepicker/daterangepicker.css
2024-02-13T12:56:42.926Z - GET /static/css/admin.dashboard.css
2024-02-13T12:56:42.928Z - GET /static/css/roastertool.min.css
2024-02-13T12:56:42.931Z - GET /static/plugins/datatables-bs4/css/dataTables.bootstrap4.min.css
2024-02-13T12:56:42.932Z - GET /static/css/rostertool.main.css
2024-02-13T12:56:42.933Z - GET /static/plugins/toastr/toastr.min.css
2024-02-13T12:56:42.934Z - GET /static/plugins/select2/css/select2.min.css
2024-02-13T12:56:42.944Z - GET /static/plugins/select2-bootstrap4-theme/select2-bootstrap4.min.css
2024-02-13T12:56:42.945Z - GET /static/plugins/datatables-responsive/css/responsive.bootstrap4.min.css
2024-02-13T12:56:42.956Z - GET /static/plugins/datatables-buttons/css/buttons.bootstrap4.min.css
2024-02-13T12:56:42.957Z - GET /static/plugins/jquery/jquery.min.js
2024-02-13T12:56:42.958Z - GET /static/plugins/icheck-bootstrap/icheck-bootstrap.min.css
2024-02-13T12:56:42.960Z - GET /static/plugins/tempusdominus-bootstrap-4/css/tempusdominus-bootstrap-4.min.css
2024-02-13T12:56:42.972Z - GET /static/plugins/bootstrap/js/bootstrap.bundle.min.js
2024-02-13T12:56:42.973Z - GET /static/plugins/moment/moment.min.js
2024-02-13T12:56:42.974Z - GET /static/plugins/inputmask/jquery.inputmask.min.js
2024-02-13T12:56:42.975Z - GET /static/plugins/jquery-validation/jquery.validate.min.js
2024-02-13T12:56:42.995Z - GET /static/plugins/jquery-validation/additional-methods.min.js
2024-02-13T12:56:42.996Z - GET /static/js/roastertool.min.js
2024-02-13T12:56:42.997Z - GET /static/plugins/daterangepicker/daterangepicker.js
2024-02-13T12:56:43.013Z - GET /static/plugins/tempusdominus-bootstrap-4/js/tempusdominus-bootstrap-4.min.js
2024-02-13T12:56:43.015Z - GET /static/js/roastertool.js
2024-02-13T12:56:43.016Z - GET /static/plugins/datatables/jquery.dataTables.min.js
2024-02-13T12:56:43.033Z - GET /static/plugins/datatables-bs4/js/dataTables.bootstrap4.min.js
2024-02-13T12:56:43.035Z - GET /static/plugins/datatables-responsive/js/dataTables.responsive.min.js
2024-02-13T12:56:43.039Z - GET /static/plugins/datatables-responsive/js/responsive.bootstrap4.min.js
2024-02-13T12:56:43.040Z - GET /static/plugins/datatables-buttons/js/dataTables.buttons.min.js
2024-02-13T12:56:43.055Z - GET /static/plugins/datatables-buttons/js/buttons.bootstrap4.min.js
2024-02-13T12:56:43.056Z - GET /static/plugins/jszip/jszip.min.js
2024-02-13T12:56:43.058Z - GET /static/plugins/pdfmake/pdfmake.min.js
2024-02-13T12:56:43.074Z - GET /static/plugins/pdfmake/vfs_fonts.js
2024-02-13T12:56:43.076Z - GET /static/plugins/datatables-buttons/js/buttons.html5.min.js
2024-02-13T12:56:43.077Z - GET /static/plugins/datatables-buttons/js/buttons.print.min.js
2024-02-13T12:56:43.091Z - GET /static/plugins/datatables-buttons/js/buttons.colVis.min.js
2024-02-13T12:56:43.092Z - GET /static/plugins/datatables/datetime-moment.js
2024-02-13T12:56:43.093Z - GET /static/plugins/chart.js/Chart.min.js
2024-02-13T12:56:43.109Z - GET /static/plugins/toastr/toastr.min.js
2024-02-13T12:56:43.111Z - GET /static/plugins/select2/js/select2.full.min.js
2024-02-13T12:56:43.112Z - GET /static/js//common.js
2024-02-13T12:56:43.125Z - GET /static/js/main.js
2024-02-13T12:56:43.126Z - GET /static/js/auth.js
2024-02-13T12:56:43.127Z - GET /static/js/roster-request-handler.js
2024-02-13T12:56:43.656Z - GET /shift-change-request
2024-02-13T12:56:46.753Z - GET /
2024-02-13T12:56:47.265Z - GET /
2024-03-14T12:27:55.032Z - GET /login/sucess
2024-03-14T12:28:00.096Z - GET /auth/google/callback
2024-03-14T12:28:00.724Z - GET /auth/google/callback?code=4%2F0AeaYSHAvDIEPWf6ZNCAGxsWb7he62yt4_rAY404OyhRb2mOLMVEGvyvGn4bQglue9V3HkQ&scope=email+profile+https%3A%2F%2Fwww.googleapis.com%2Fauth%2Fuserinfo.email+https%3A%2F%2Fwww.googleapis.com%2Fauth%2Fuserinfo.profile+openid&authuser=0&hd=crestdatasys.com&prompt=none
2024-03-14T12:28:02.157Z - GET /login/sucess
2024-03-14T12:28:02.207Z - GET /user/search/
2024-03-14T12:28:08.630Z - GET /connection/getConnectionCount/65c310357d6f697c73629b9b
2024-03-14T12:28:08.645Z - GET /connection/getConnectionByUserId/65c310357d6f697c73629b9b
2024-03-14T12:28:13.267Z - GET /connection/getAllByUserId/65c310357d6f697c73629b9b
2024-03-14T12:28:13.273Z - GET /connection/findMutual/65c310357d6f697c73629b9b
2024-03-14T12:28:30.068Z - GET /connection/getConnectionCount/65c310517d6f697c73629b9c
2024-03-14T12:28:30.080Z - GET /connection/getConnectionByUserId/65c310517d6f697c73629b9c
2024-03-14T12:28:33.395Z - GET /connection/getAllByUserId/65c310517d6f697c73629b9c
2024-03-14T12:28:33.410Z - GET /connection/findMutual/65c310517d6f697c73629b9c
2024-03-14T12:28:44.642Z - GET /connection/getConnectionCount/65c31aa85866dbc80306e8c4
2024-03-14T12:28:44.653Z - GET /connection/getConnectionByUserId/65c31aa85866dbc80306e8c4
2024-03-14T12:28:47.493Z - GET /connection/getConnectionCount/65c30feb939146dfd45fd3eb
2024-03-14T12:29:38.320Z - GET /connection/getConnectionCount/65c45f0cf468d3c698385e9b
2024-03-14T12:29:38.331Z - GET /connection/getConnectionByUserId/65c45f0cf468d3c698385e9b
2024-03-14T12:29:49.227Z - GET /connection/getConnectionCount/65c310357d6f697c73629b9b
2024-03-14T12:29:49.236Z - GET /connection/getConnectionByUserId/65c310357d6f697c73629b9b
2024-03-14T12:29:56.880Z - GET /connection/getConnectionCount/65c30feb939146dfd45fd3eb
2024-03-14T12:30:06.592Z - GET /connection/getConnectionCount/65c310517d6f697c73629b9c
2024-03-14T12:30:06.605Z - GET /connection/getConnectionByUserId/65c310517d6f697c73629b9c
2024-03-14T12:30:07.461Z - GET /connection/getAllByUserId/65c310517d6f697c73629b9c
2024-03-14T12:30:07.470Z - GET /connection/findMutual/65c310517d6f697c73629b9c
2024-03-14T12:30:49.507Z - GET /connection/getAllPending/65c30feb939146dfd45fd3eb
2024-03-14T12:30:49.521Z - GET /connection/findMutual/65c30feb939146dfd45fd3eb
2024-03-14T12:30:58.820Z - GET /logout
2024-03-14T12:30:59.214Z - GET /login/sucess
2024-03-14T12:36:00.458Z - GET /login/sucess
2024-03-14T12:37:08.554Z - GET /login/sucess
